2025-04-26 13:03:52,121 [Worker-3: Loading available Gradle versions] INFO  o.e.b.c.i.u.g.PublishedGradleVersions - Gradle version information cache is up-to-date. Trying to read.
2025-04-26 13:04:49,543 [Worker-3: Importing Maven projects] INFO  o.e.m.c.i.e.AbstractTransferListenerAdapter - Downloading https://repo.maven.apache.org/maven2/org/apache/maven/plugins/maven-site-plugin/3.12.1/maven-site-plugin-3.12.1.jar
2025-04-26 13:04:49,631 [Worker-3: Importing Maven projects] INFO  o.e.m.c.i.e.AbstractTransferListenerAdapter - Downloaded https://repo.maven.apache.org/maven2/org/apache/maven/plugins/maven-site-plugin/3.12.1/maven-site-plugin-3.12.1.jar
2025-04-26 13:04:50,307 [Worker-3: Importing Maven projects] INFO  o.e.m.c.i.l.LifecycleMappingFactory - Using org.eclipse.m2e.jdt.JarLifecycleMapping lifecycle mapping for MavenProject: br.com.organic-xpto:pedidos:0.0.1-SNAPSHOT @ C:\Users\mastr\OneDrive\Documentos\Programação\Fiap\POSTECH_ADJT_Outros_Projetos_Spring\spring-cloud\pedidos\pom.xml.
2025-04-26 13:04:53,382 [Worker-3: Importing Maven projects] INFO  o.e.m.j.i.AbstractJavaProjectConfigurator - Adding source folder /pedidos/src/main/java
2025-04-26 13:04:53,384 [Worker-3: Importing Maven projects] INFO  o.e.m.j.i.AbstractJavaProjectConfigurator - Adding resource folder /pedidos/src/main/resources
2025-04-26 13:04:53,385 [Worker-3: Importing Maven projects] INFO  o.e.m.j.i.AbstractJavaProjectConfigurator - Adding resource folder /pedidos/src/main/resources
2025-04-26 13:04:53,387 [Worker-3: Importing Maven projects] INFO  o.e.m.j.i.AbstractJavaProjectConfigurator - Adding source folder /pedidos/src/test/java
2025-04-26 13:04:53,387 [Worker-3: Importing Maven projects] INFO  o.e.m.j.i.AbstractJavaProjectConfigurator - Adding resource folder /pedidos/src/test/resources
2025-04-26 13:04:54,058 [Worker-3: Importing Maven projects] INFO  o.e.m.c.i.p.ProjectConfigurationManager - Imported and configured 1 project(s) in 9 sec
2025-04-26 13:04:57,759 [Worker-0: Building] INFO  o.a.m.s.f.DefaultMavenResourcesFiltering - Copying 1 resource from src\main\resources to target\classes
2025-04-26 13:04:57,814 [Worker-0: Building] INFO  o.a.m.s.f.DefaultMavenResourcesFiltering - Copying 0 resource from src\main\resources to target\classes
2025-04-26 13:04:57,823 [Worker-0: Building] INFO  o.a.m.s.f.DefaultMavenResourcesFiltering - skip non existing resourceDirectory C:\Users\mastr\OneDrive\Documentos\Programação\Fiap\POSTECH_ADJT_Outros_Projetos_Spring\spring-cloud\pedidos\src\test\resources
2025-04-26 13:05:15,612 [Worker-0: Importing Maven projects] INFO  o.e.m.c.i.l.LifecycleMappingFactory - Using org.eclipse.m2e.jdt.JarLifecycleMapping lifecycle mapping for MavenProject: br.com.organic-xpto:estoque:0.0.1-SNAPSHOT @ C:\Users\mastr\OneDrive\Documentos\Programação\Fiap\POSTECH_ADJT_Outros_Projetos_Spring\spring-cloud\estoque\pom.xml.
2025-04-26 13:05:16,591 [Worker-0: Importing Maven projects] INFO  o.e.m.j.i.AbstractJavaProjectConfigurator - Adding source folder /estoque/src/main/java
2025-04-26 13:05:16,591 [Worker-0: Importing Maven projects] INFO  o.e.m.j.i.AbstractJavaProjectConfigurator - Adding resource folder /estoque/src/main/resources
2025-04-26 13:05:16,592 [Worker-0: Importing Maven projects] INFO  o.e.m.j.i.AbstractJavaProjectConfigurator - Adding resource folder /estoque/src/main/resources
2025-04-26 13:05:16,602 [Worker-0: Importing Maven projects] INFO  o.e.m.j.i.AbstractJavaProjectConfigurator - Adding source folder /estoque/src/test/java
2025-04-26 13:05:16,603 [Worker-0: Importing Maven projects] INFO  o.e.m.j.i.AbstractJavaProjectConfigurator - Adding resource folder /estoque/src/test/resources
2025-04-26 13:05:16,970 [Worker-0: Importing Maven projects] INFO  o.e.m.c.i.p.ProjectConfigurationManager - Imported and configured 1 project(s) in 2 sec
2025-04-26 13:05:17,793 [Worker-8: Building] INFO  o.a.m.s.f.DefaultMavenResourcesFiltering - Copying 1 resource from src\main\resources to target\classes
2025-04-26 13:05:17,796 [Worker-8: Building] INFO  o.a.m.s.f.DefaultMavenResourcesFiltering - Copying 0 resource from src\main\resources to target\classes
2025-04-26 13:05:17,804 [Worker-8: Building] INFO  o.a.m.s.f.DefaultMavenResourcesFiltering - skip non existing resourceDirectory C:\Users\mastr\OneDrive\Documentos\Programação\Fiap\POSTECH_ADJT_Outros_Projetos_Spring\spring-cloud\estoque\src\test\resources
2025-04-26 13:05:47,260 [Worker-9: Importing Maven projects] INFO  o.e.m.c.i.l.LifecycleMappingFactory - Using org.eclipse.m2e.jdt.JarLifecycleMapping lifecycle mapping for MavenProject: br.com.organic-xpto:gateway:0.0.1-SNAPSHOT @ C:\Users\mastr\OneDrive\Documentos\Programação\Fiap\POSTECH_ADJT_Outros_Projetos_Spring\spring-cloud\gateway\pom.xml.
2025-04-26 13:05:49,035 [Worker-9: Importing Maven projects] INFO  o.e.m.j.i.AbstractJavaProjectConfigurator - Adding source folder /gateway/src/main/java
2025-04-26 13:05:49,035 [Worker-9: Importing Maven projects] INFO  o.e.m.j.i.AbstractJavaProjectConfigurator - Adding resource folder /gateway/src/main/resources
2025-04-26 13:05:49,035 [Worker-9: Importing Maven projects] INFO  o.e.m.j.i.AbstractJavaProjectConfigurator - Adding resource folder /gateway/src/main/resources
2025-04-26 13:05:49,036 [Worker-9: Importing Maven projects] INFO  o.e.m.j.i.AbstractJavaProjectConfigurator - Adding source folder /gateway/src/test/java
2025-04-26 13:05:49,037 [Worker-9: Importing Maven projects] INFO  o.e.m.j.i.AbstractJavaProjectConfigurator - Adding resource folder /gateway/src/test/resources
2025-04-26 13:05:49,724 [Worker-9: Importing Maven projects] INFO  o.e.m.c.i.p.ProjectConfigurationManager - Imported and configured 1 project(s) in 3 sec
2025-04-26 13:05:51,448 [Worker-6: Building] INFO  o.a.m.s.f.DefaultMavenResourcesFiltering - Copying 1 resource from src\main\resources to target\classes
2025-04-26 13:05:51,479 [Worker-6: Building] INFO  o.a.m.s.f.DefaultMavenResourcesFiltering - Copying 0 resource from src\main\resources to target\classes
2025-04-26 13:05:51,489 [Worker-6: Building] INFO  o.a.m.s.f.DefaultMavenResourcesFiltering - skip non existing resourceDirectory C:\Users\mastr\OneDrive\Documentos\Programação\Fiap\POSTECH_ADJT_Outros_Projetos_Spring\spring-cloud\gateway\src\test\resources
2025-04-26 13:10:02,443 [Worker-7: Building] INFO  o.a.m.s.f.DefaultMavenResourcesFiltering - Copying 1 resource from src\main\resources to target\classes
2025-04-26 13:10:02,453 [Worker-7: Building] INFO  o.a.m.s.f.DefaultMavenResourcesFiltering - Copying 0 resource from src\main\resources to target\classes
2025-04-26 13:10:02,456 [Worker-7: Building] INFO  o.a.m.s.f.DefaultMavenResourcesFiltering - skip non existing resourceDirectory C:\Users\mastr\OneDrive\Documentos\Programação\Fiap\POSTECH_ADJT_Outros_Projetos_Spring\spring-cloud\estoque\src\test\resources
2025-04-26 13:10:11,186 [Worker-4: Updating Maven Project] INFO  o.e.m.c.i.p.ProjectConfigurationManager - Update started
2025-04-26 13:10:13,140 [Worker-4: Updating Maven Project] INFO  o.e.m.c.i.l.LifecycleMappingFactory - Using org.eclipse.m2e.jdt.JarLifecycleMapping lifecycle mapping for MavenProject: br.com.organic-xpto:estoque:0.0.1-SNAPSHOT @ C:\Users\mastr\OneDrive\Documentos\Programação\Fiap\POSTECH_ADJT_Outros_Projetos_Spring\spring-cloud\estoque\pom.xml.
2025-04-26 13:10:13,704 [Worker-4: Updating Maven Project] INFO  o.e.m.c.i.l.LifecycleMappingFactory - Using org.eclipse.m2e.jdt.JarLifecycleMapping lifecycle mapping for MavenProject: br.com.organic-xpto:gateway:0.0.1-SNAPSHOT @ C:\Users\mastr\OneDrive\Documentos\Programação\Fiap\POSTECH_ADJT_Outros_Projetos_Spring\spring-cloud\gateway\pom.xml.
2025-04-26 13:10:14,332 [Worker-4: Updating Maven Project] INFO  o.e.m.c.i.l.LifecycleMappingFactory - Using org.eclipse.m2e.jdt.JarLifecycleMapping lifecycle mapping for MavenProject: br.com.organic-xpto:pedidos:0.0.1-SNAPSHOT @ C:\Users\mastr\OneDrive\Documentos\Programação\Fiap\POSTECH_ADJT_Outros_Projetos_Spring\spring-cloud\pedidos\pom.xml.
2025-04-26 13:10:16,082 [Worker-4: Updating Maven Project] INFO  o.e.m.j.i.AbstractJavaProjectConfigurator - Adding source folder /estoque/src/main/java
2025-04-26 13:10:16,082 [Worker-4: Updating Maven Project] INFO  o.e.m.j.i.AbstractJavaProjectConfigurator - Adding resource folder /estoque/src/main/resources
2025-04-26 13:10:16,082 [Worker-4: Updating Maven Project] INFO  o.e.m.j.i.AbstractJavaProjectConfigurator - Adding resource folder /estoque/src/main/resources
2025-04-26 13:10:16,083 [Worker-4: Updating Maven Project] INFO  o.e.m.j.i.AbstractJavaProjectConfigurator - Adding source folder /estoque/src/test/java
2025-04-26 13:10:16,083 [Worker-4: Updating Maven Project] INFO  o.e.m.j.i.AbstractJavaProjectConfigurator - Adding resource folder /estoque/src/test/resources
2025-04-26 13:10:16,599 [Worker-4: Updating Maven Project] INFO  o.e.m.c.i.p.ProjectConfigurationManager - Update completed for 1 poms: local refresh takes 0,00 sec, refresh facades takes 4,00 sec, update config takes 0,00 sec 
2025-04-26 13:10:17,404 [Worker-7: Building] INFO  o.a.m.s.f.DefaultMavenResourcesFiltering - Copying 1 resource from src\main\resources to target\classes
2025-04-26 13:10:17,431 [Worker-7: Building] INFO  o.a.m.s.f.DefaultMavenResourcesFiltering - Copying 0 resource from src\main\resources to target\classes
2025-04-26 13:10:17,438 [Worker-7: Building] INFO  o.a.m.s.f.DefaultMavenResourcesFiltering - skip non existing resourceDirectory C:\Users\mastr\OneDrive\Documentos\Programação\Fiap\POSTECH_ADJT_Outros_Projetos_Spring\spring-cloud\estoque\src\test\resources
2025-04-27 10:10:26,528 [Worker-109: Building] INFO  o.e.m.c.i.l.LifecycleMappingFactory - Using org.eclipse.m2e.jdt.JarLifecycleMapping lifecycle mapping for MavenProject: br.com.organic-xpto:estoque:0.0.1-SNAPSHOT @ C:\Users\mastr\OneDrive\Documentos\Programação\Fiap\POSTECH_ADJT_Outros_Projetos_Spring\spring-cloud\estoque\pom.xml.
2025-04-27 10:10:31,540 [Worker-109: Building] INFO  o.a.m.s.f.DefaultMavenResourcesFiltering - Copying 0 resource from src\main\resources to target\classes
2025-04-27 10:10:31,541 [Worker-109: Building] INFO  o.a.m.s.f.DefaultMavenResourcesFiltering - Copying 0 resource from src\main\resources to target\classes
2025-04-27 10:10:31,546 [Worker-109: Building] INFO  o.a.m.s.f.DefaultMavenResourcesFiltering - skip non existing resourceDirectory C:\Users\mastr\OneDrive\Documentos\Programação\Fiap\POSTECH_ADJT_Outros_Projetos_Spring\spring-cloud\estoque\src\test\resources
2025-04-27 10:10:55,115 [Worker-110: Building] INFO  o.e.m.c.i.l.LifecycleMappingFactory - Using org.eclipse.m2e.jdt.JarLifecycleMapping lifecycle mapping for MavenProject: br.com.organic-xpto:estoque:0.0.1-SNAPSHOT @ C:\Users\mastr\OneDrive\Documentos\Programação\Fiap\POSTECH_ADJT_Outros_Projetos_Spring\spring-cloud\estoque\pom.xml.
2025-04-27 10:10:55,715 [Worker-110: Building] INFO  o.a.m.s.f.DefaultMavenResourcesFiltering - Copying 0 resource from src\main\resources to target\classes
2025-04-27 10:10:55,716 [Worker-110: Building] INFO  o.a.m.s.f.DefaultMavenResourcesFiltering - Copying 0 resource from src\main\resources to target\classes
2025-04-27 10:10:55,720 [Worker-110: Building] INFO  o.a.m.s.f.DefaultMavenResourcesFiltering - skip non existing resourceDirectory C:\Users\mastr\OneDrive\Documentos\Programação\Fiap\POSTECH_ADJT_Outros_Projetos_Spring\spring-cloud\estoque\src\test\resources
2025-04-27 10:11:34,910 [Worker-102: Updating Maven Project] INFO  o.e.m.c.i.p.ProjectConfigurationManager - Update started
2025-04-27 10:11:38,112 [Worker-102: Updating Maven Project] INFO  o.e.m.c.i.l.LifecycleMappingFactory - Using org.eclipse.m2e.jdt.JarLifecycleMapping lifecycle mapping for MavenProject: br.com.organic-xpto:estoque:0.0.1-SNAPSHOT @ C:\Users\mastr\OneDrive\Documentos\Programação\Fiap\POSTECH_ADJT_Outros_Projetos_Spring\spring-cloud\estoque\pom.xml.
2025-04-27 10:11:38,486 [Worker-102: Updating Maven Project] INFO  o.e.m.c.i.l.LifecycleMappingFactory - Using org.eclipse.m2e.jdt.JarLifecycleMapping lifecycle mapping for MavenProject: br.com.organic-xpto:gateway:0.0.1-SNAPSHOT @ C:\Users\mastr\OneDrive\Documentos\Programação\Fiap\POSTECH_ADJT_Outros_Projetos_Spring\spring-cloud\gateway\pom.xml.
2025-04-27 10:11:41,190 [Worker-102: Updating Maven Project] INFO  o.e.m.c.i.l.LifecycleMappingFactory - Using org.eclipse.m2e.jdt.JarLifecycleMapping lifecycle mapping for MavenProject: br.com.organic-xpto:pedidos:0.0.1-SNAPSHOT @ C:\Users\mastr\OneDrive\Documentos\Programação\Fiap\POSTECH_ADJT_Outros_Projetos_Spring\spring-cloud\pedidos\pom.xml.
2025-04-27 10:11:44,495 [Worker-102: Updating Maven Project] INFO  o.e.m.j.i.AbstractJavaProjectConfigurator - Adding source folder /estoque/src/main/java
2025-04-27 10:11:44,495 [Worker-102: Updating Maven Project] INFO  o.e.m.j.i.AbstractJavaProjectConfigurator - Adding resource folder /estoque/src/main/resources
2025-04-27 10:11:44,495 [Worker-102: Updating Maven Project] INFO  o.e.m.j.i.AbstractJavaProjectConfigurator - Adding resource folder /estoque/src/main/resources
2025-04-27 10:11:44,496 [Worker-102: Updating Maven Project] INFO  o.e.m.j.i.AbstractJavaProjectConfigurator - Adding source folder /estoque/src/test/java
2025-04-27 10:11:44,497 [Worker-102: Updating Maven Project] INFO  o.e.m.j.i.AbstractJavaProjectConfigurator - Adding resource folder /estoque/src/test/resources
2025-04-27 10:11:44,765 [Worker-102: Updating Maven Project] INFO  o.e.m.j.i.AbstractJavaProjectConfigurator - Adding source folder /gateway/src/main/java
2025-04-27 10:11:44,765 [Worker-102: Updating Maven Project] INFO  o.e.m.j.i.AbstractJavaProjectConfigurator - Adding resource folder /gateway/src/main/resources
2025-04-27 10:11:44,765 [Worker-102: Updating Maven Project] INFO  o.e.m.j.i.AbstractJavaProjectConfigurator - Adding resource folder /gateway/src/main/resources
2025-04-27 10:11:44,766 [Worker-102: Updating Maven Project] INFO  o.e.m.j.i.AbstractJavaProjectConfigurator - Adding source folder /gateway/src/test/java
2025-04-27 10:11:44,766 [Worker-102: Updating Maven Project] INFO  o.e.m.j.i.AbstractJavaProjectConfigurator - Adding resource folder /gateway/src/test/resources
2025-04-27 10:11:45,218 [Worker-102: Updating Maven Project] INFO  o.e.m.j.i.AbstractJavaProjectConfigurator - Adding source folder /pedidos/src/main/java
2025-04-27 10:11:45,218 [Worker-102: Updating Maven Project] INFO  o.e.m.j.i.AbstractJavaProjectConfigurator - Adding resource folder /pedidos/src/main/resources
2025-04-27 10:11:45,219 [Worker-102: Updating Maven Project] INFO  o.e.m.j.i.AbstractJavaProjectConfigurator - Adding resource folder /pedidos/src/main/resources
2025-04-27 10:11:45,219 [Worker-102: Updating Maven Project] INFO  o.e.m.j.i.AbstractJavaProjectConfigurator - Adding source folder /pedidos/src/test/java
2025-04-27 10:11:45,219 [Worker-102: Updating Maven Project] INFO  o.e.m.j.i.AbstractJavaProjectConfigurator - Adding resource folder /pedidos/src/test/resources
2025-04-27 10:11:45,904 [Worker-102: Updating Maven Project] INFO  o.e.m.c.i.p.ProjectConfigurationManager - Update completed for 3 poms: local refresh takes 0,00 sec, refresh facades takes 9,00 sec, update config takes 1,00 sec 
2025-04-27 10:11:46,866 [Worker-109: Building] INFO  o.a.m.s.f.DefaultMavenResourcesFiltering - Copying 1 resource from src\main\resources to target\classes
2025-04-27 10:11:46,889 [Worker-109: Building] INFO  o.a.m.s.f.DefaultMavenResourcesFiltering - Copying 0 resource from src\main\resources to target\classes
2025-04-27 10:11:46,898 [Worker-109: Building] INFO  o.a.m.s.f.DefaultMavenResourcesFiltering - skip non existing resourceDirectory C:\Users\mastr\OneDrive\Documentos\Programação\Fiap\POSTECH_ADJT_Outros_Projetos_Spring\spring-cloud\estoque\src\test\resources
2025-04-27 10:11:47,610 [Worker-109: Building] INFO  o.a.m.s.f.DefaultMavenResourcesFiltering - Copying 1 resource from src\main\resources to target\classes
2025-04-27 10:11:47,630 [Worker-109: Building] INFO  o.a.m.s.f.DefaultMavenResourcesFiltering - Copying 0 resource from src\main\resources to target\classes
2025-04-27 10:11:47,640 [Worker-109: Building] INFO  o.a.m.s.f.DefaultMavenResourcesFiltering - skip non existing resourceDirectory C:\Users\mastr\OneDrive\Documentos\Programação\Fiap\POSTECH_ADJT_Outros_Projetos_Spring\spring-cloud\gateway\src\test\resources
2025-04-27 10:11:48,118 [Worker-110: Building] INFO  o.a.m.s.f.DefaultMavenResourcesFiltering - Copying 1 resource from src\main\resources to target\classes
2025-04-27 10:11:48,135 [Worker-110: Building] INFO  o.a.m.s.f.DefaultMavenResourcesFiltering - Copying 0 resource from src\main\resources to target\classes
2025-04-27 10:11:48,141 [Worker-110: Building] INFO  o.a.m.s.f.DefaultMavenResourcesFiltering - skip non existing resourceDirectory C:\Users\mastr\OneDrive\Documentos\Programação\Fiap\POSTECH_ADJT_Outros_Projetos_Spring\spring-cloud\pedidos\src\test\resources
2025-04-27 10:13:14,094 [Worker-107: Building] INFO  o.e.m.c.i.l.LifecycleMappingFactory - Using org.eclipse.m2e.jdt.JarLifecycleMapping lifecycle mapping for MavenProject: br.com.organic-xpto:estoque:0.0.1-SNAPSHOT @ C:\Users\mastr\OneDrive\Documentos\Programação\Fiap\POSTECH_ADJT_Outros_Projetos_Spring\spring-cloud\estoque\pom.xml.
2025-04-27 10:13:14,607 [Worker-107: Building] INFO  o.a.m.s.f.DefaultMavenResourcesFiltering - Copying 0 resource from src\main\resources to target\classes
2025-04-27 10:13:14,608 [Worker-107: Building] INFO  o.a.m.s.f.DefaultMavenResourcesFiltering - Copying 0 resource from src\main\resources to target\classes
2025-04-27 10:13:14,612 [Worker-107: Building] INFO  o.a.m.s.f.DefaultMavenResourcesFiltering - skip non existing resourceDirectory C:\Users\mastr\OneDrive\Documentos\Programação\Fiap\POSTECH_ADJT_Outros_Projetos_Spring\spring-cloud\estoque\src\test\resources
2025-04-27 10:16:08,484 [Worker-109: Building] INFO  o.e.m.c.i.l.LifecycleMappingFactory - Using org.eclipse.m2e.jdt.JarLifecycleMapping lifecycle mapping for MavenProject: br.com.organic-xpto:estoque:0.0.1-SNAPSHOT @ C:\Users\mastr\OneDrive\Documentos\Programação\Fiap\POSTECH_ADJT_Outros_Projetos_Spring\spring-cloud\estoque\pom.xml.
2025-04-27 10:16:10,081 [Worker-109: Building] INFO  o.a.m.s.f.DefaultMavenResourcesFiltering - Copying 0 resource from src\main\resources to target\classes
2025-04-27 10:16:10,082 [Worker-109: Building] INFO  o.a.m.s.f.DefaultMavenResourcesFiltering - Copying 0 resource from src\main\resources to target\classes
2025-04-27 10:16:10,086 [Worker-109: Building] INFO  o.a.m.s.f.DefaultMavenResourcesFiltering - skip non existing resourceDirectory C:\Users\mastr\OneDrive\Documentos\Programação\Fiap\POSTECH_ADJT_Outros_Projetos_Spring\spring-cloud\estoque\src\test\resources
2025-04-27 10:16:35,985 [Worker-9: Building] INFO  o.a.m.s.f.DefaultMavenResourcesFiltering - Copying 1 resource from src\main\resources to target\classes
2025-04-27 10:16:36,011 [Worker-9: Building] INFO  o.a.m.s.f.DefaultMavenResourcesFiltering - Copying 0 resource from src\main\resources to target\classes
2025-04-27 10:16:36,020 [Worker-9: Building] INFO  o.a.m.s.f.DefaultMavenResourcesFiltering - skip non existing resourceDirectory C:\Users\mastr\OneDrive\Documentos\Programação\Fiap\POSTECH_ADJT_Outros_Projetos_Spring\spring-cloud\estoque\src\test\resources
2025-04-27 10:17:15,671 [Worker-9: Updating Maven Project] INFO  o.e.m.c.i.p.ProjectConfigurationManager - Update started
2025-04-27 10:17:16,894 [Worker-9: Updating Maven Project] INFO  o.e.m.c.i.l.LifecycleMappingFactory - Using org.eclipse.m2e.jdt.JarLifecycleMapping lifecycle mapping for MavenProject: br.com.organic-xpto:estoque:0.0.1-SNAPSHOT @ C:\Users\mastr\OneDrive\Documentos\Programação\Fiap\POSTECH_ADJT_Outros_Projetos_Spring\spring-cloud\estoque\pom.xml.
2025-04-27 10:17:17,245 [Worker-9: Updating Maven Project] INFO  o.e.m.c.i.l.LifecycleMappingFactory - Using org.eclipse.m2e.jdt.JarLifecycleMapping lifecycle mapping for MavenProject: br.com.organic-xpto:gateway:0.0.1-SNAPSHOT @ C:\Users\mastr\OneDrive\Documentos\Programação\Fiap\POSTECH_ADJT_Outros_Projetos_Spring\spring-cloud\gateway\pom.xml.
2025-04-27 10:17:17,617 [Worker-9: Updating Maven Project] INFO  o.e.m.c.i.l.LifecycleMappingFactory - Using org.eclipse.m2e.jdt.JarLifecycleMapping lifecycle mapping for MavenProject: br.com.organic-xpto:pedidos:0.0.1-SNAPSHOT @ C:\Users\mastr\OneDrive\Documentos\Programação\Fiap\POSTECH_ADJT_Outros_Projetos_Spring\spring-cloud\pedidos\pom.xml.
2025-04-27 10:17:18,591 [Worker-9: Updating Maven Project] INFO  o.e.m.j.i.AbstractJavaProjectConfigurator - Adding source folder /estoque/src/main/java
2025-04-27 10:17:18,591 [Worker-9: Updating Maven Project] INFO  o.e.m.j.i.AbstractJavaProjectConfigurator - Adding resource folder /estoque/src/main/resources
2025-04-27 10:17:18,592 [Worker-9: Updating Maven Project] INFO  o.e.m.j.i.AbstractJavaProjectConfigurator - Adding resource folder /estoque/src/main/resources
2025-04-27 10:17:18,592 [Worker-9: Updating Maven Project] INFO  o.e.m.j.i.AbstractJavaProjectConfigurator - Adding source folder /estoque/src/test/java
2025-04-27 10:17:18,593 [Worker-9: Updating Maven Project] INFO  o.e.m.j.i.AbstractJavaProjectConfigurator - Adding resource folder /estoque/src/test/resources
2025-04-27 10:17:18,915 [Worker-9: Updating Maven Project] INFO  o.e.m.c.i.p.ProjectConfigurationManager - Update completed for 1 poms: local refresh takes 0,00 sec, refresh facades takes 2,00 sec, update config takes 0,00 sec 
2025-04-27 10:17:19,320 [Worker-107: Building] INFO  o.a.m.s.f.DefaultMavenResourcesFiltering - Copying 1 resource from src\main\resources to target\classes
2025-04-27 10:17:19,349 [Worker-107: Building] INFO  o.a.m.s.f.DefaultMavenResourcesFiltering - Copying 0 resource from src\main\resources to target\classes
2025-04-27 10:17:19,356 [Worker-107: Building] INFO  o.a.m.s.f.DefaultMavenResourcesFiltering - skip non existing resourceDirectory C:\Users\mastr\OneDrive\Documentos\Programação\Fiap\POSTECH_ADJT_Outros_Projetos_Spring\spring-cloud\estoque\src\test\resources
2025-04-27 10:18:48,098 [Worker-9: Building] INFO  o.a.m.s.f.DefaultMavenResourcesFiltering - Copying 1 resource from src\main\resources to target\classes
2025-04-27 10:18:48,114 [Worker-9: Building] INFO  o.a.m.s.f.DefaultMavenResourcesFiltering - Copying 0 resource from src\main\resources to target\classes
2025-04-27 10:18:48,117 [Worker-9: Building] INFO  o.a.m.s.f.DefaultMavenResourcesFiltering - skip non existing resourceDirectory C:\Users\mastr\OneDrive\Documentos\Programação\Fiap\POSTECH_ADJT_Outros_Projetos_Spring\spring-cloud\estoque\src\test\resources
2025-04-27 10:18:56,534 [Worker-111: Building] INFO  o.a.m.s.f.DefaultMavenResourcesFiltering - Copying 1 resource from src\main\resources to target\classes
2025-04-27 10:18:56,543 [Worker-111: Building] INFO  o.a.m.s.f.DefaultMavenResourcesFiltering - Copying 0 resource from src\main\resources to target\classes
2025-04-27 10:18:56,546 [Worker-111: Building] INFO  o.a.m.s.f.DefaultMavenResourcesFiltering - skip non existing resourceDirectory C:\Users\mastr\OneDrive\Documentos\Programação\Fiap\POSTECH_ADJT_Outros_Projetos_Spring\spring-cloud\estoque\src\test\resources
2025-04-27 10:19:26,194 [Worker-9: Building] INFO  o.a.m.s.f.DefaultMavenResourcesFiltering - Copying 1 resource from src\main\resources to target\classes
2025-04-27 10:19:26,203 [Worker-9: Building] INFO  o.a.m.s.f.DefaultMavenResourcesFiltering - Copying 0 resource from src\main\resources to target\classes
2025-04-27 10:19:26,207 [Worker-9: Building] INFO  o.a.m.s.f.DefaultMavenResourcesFiltering - skip non existing resourceDirectory C:\Users\mastr\OneDrive\Documentos\Programação\Fiap\POSTECH_ADJT_Outros_Projetos_Spring\spring-cloud\estoque\src\test\resources
2025-04-27 10:21:56,220 [Worker-104: Building] INFO  o.e.m.c.i.l.LifecycleMappingFactory - Using org.eclipse.m2e.jdt.JarLifecycleMapping lifecycle mapping for MavenProject: br.com.organic-xpto:estoque:0.0.1-SNAPSHOT @ C:\Users\mastr\OneDrive\Documentos\Programação\Fiap\POSTECH_ADJT_Outros_Projetos_Spring\spring-cloud\estoque\pom.xml.
2025-04-27 10:21:56,956 [Worker-104: Building] INFO  o.a.m.s.f.DefaultMavenResourcesFiltering - Copying 0 resource from src\main\resources to target\classes
2025-04-27 10:21:56,957 [Worker-104: Building] INFO  o.a.m.s.f.DefaultMavenResourcesFiltering - Copying 0 resource from src\main\resources to target\classes
2025-04-27 10:21:57,014 [Worker-104: Building] INFO  o.a.m.s.f.DefaultMavenResourcesFiltering - skip non existing resourceDirectory C:\Users\mastr\OneDrive\Documentos\Programação\Fiap\POSTECH_ADJT_Outros_Projetos_Spring\spring-cloud\estoque\src\test\resources
2025-04-27 10:21:59,181 [Worker-111: Building] INFO  o.e.m.c.i.l.LifecycleMappingFactory - Using org.eclipse.m2e.jdt.JarLifecycleMapping lifecycle mapping for MavenProject: br.com.organic-xpto:estoque:0.0.1-SNAPSHOT @ C:\Users\mastr\OneDrive\Documentos\Programação\Fiap\POSTECH_ADJT_Outros_Projetos_Spring\spring-cloud\estoque\pom.xml.
2025-04-27 10:22:00,352 [Worker-111: Building] INFO  o.a.m.s.f.DefaultMavenResourcesFiltering - Copying 1 resource from src\main\resources to target\classes
2025-04-27 10:22:00,378 [Worker-111: Building] INFO  o.a.m.s.f.DefaultMavenResourcesFiltering - Copying 0 resource from src\main\resources to target\classes
2025-04-27 10:22:00,382 [Worker-111: Building] INFO  o.a.m.s.f.DefaultMavenResourcesFiltering - skip non existing resourceDirectory C:\Users\mastr\OneDrive\Documentos\Programação\Fiap\POSTECH_ADJT_Outros_Projetos_Spring\spring-cloud\estoque\src\test\resources
2025-04-27 10:22:09,274 [Worker-104: Building] INFO  o.e.m.c.i.l.LifecycleMappingFactory - Using org.eclipse.m2e.jdt.JarLifecycleMapping lifecycle mapping for MavenProject: br.com.organic-xpto:estoque:0.0.1-SNAPSHOT @ C:\Users\mastr\OneDrive\Documentos\Programação\Fiap\POSTECH_ADJT_Outros_Projetos_Spring\spring-cloud\estoque\pom.xml.
2025-04-27 10:22:10,021 [Worker-104: Building] INFO  o.a.m.s.f.DefaultMavenResourcesFiltering - Copying 0 resource from src\main\resources to target\classes
2025-04-27 10:22:10,022 [Worker-104: Building] INFO  o.a.m.s.f.DefaultMavenResourcesFiltering - Copying 0 resource from src\main\resources to target\classes
2025-04-27 10:22:10,026 [Worker-104: Building] INFO  o.a.m.s.f.DefaultMavenResourcesFiltering - skip non existing resourceDirectory C:\Users\mastr\OneDrive\Documentos\Programação\Fiap\POSTECH_ADJT_Outros_Projetos_Spring\spring-cloud\estoque\src\test\resources
2025-04-27 10:22:24,621 [Worker-113: Updating Maven Project] INFO  o.e.m.c.i.p.ProjectConfigurationManager - Update started
2025-04-27 10:22:26,060 [Worker-113: Updating Maven Project] INFO  o.e.m.c.i.l.LifecycleMappingFactory - Using org.eclipse.m2e.jdt.JarLifecycleMapping lifecycle mapping for MavenProject: br.com.organic-xpto:estoque:0.0.1-SNAPSHOT @ C:\Users\mastr\OneDrive\Documentos\Programação\Fiap\POSTECH_ADJT_Outros_Projetos_Spring\spring-cloud\estoque\pom.xml.
2025-04-27 10:22:26,575 [Worker-113: Updating Maven Project] INFO  o.e.m.c.i.l.LifecycleMappingFactory - Using org.eclipse.m2e.jdt.JarLifecycleMapping lifecycle mapping for MavenProject: br.com.organic-xpto:gateway:0.0.1-SNAPSHOT @ C:\Users\mastr\OneDrive\Documentos\Programação\Fiap\POSTECH_ADJT_Outros_Projetos_Spring\spring-cloud\gateway\pom.xml.
2025-04-27 10:22:27,097 [Worker-113: Updating Maven Project] INFO  o.e.m.c.i.l.LifecycleMappingFactory - Using org.eclipse.m2e.jdt.JarLifecycleMapping lifecycle mapping for MavenProject: br.com.organic-xpto:pedidos:0.0.1-SNAPSHOT @ C:\Users\mastr\OneDrive\Documentos\Programação\Fiap\POSTECH_ADJT_Outros_Projetos_Spring\spring-cloud\pedidos\pom.xml.
2025-04-27 10:22:28,438 [Worker-113: Updating Maven Project] INFO  o.e.m.j.i.AbstractJavaProjectConfigurator - Adding source folder /estoque/src/main/java
2025-04-27 10:22:28,439 [Worker-113: Updating Maven Project] INFO  o.e.m.j.i.AbstractJavaProjectConfigurator - Adding resource folder /estoque/src/main/resources
2025-04-27 10:22:28,439 [Worker-113: Updating Maven Project] INFO  o.e.m.j.i.AbstractJavaProjectConfigurator - Adding resource folder /estoque/src/main/resources
2025-04-27 10:22:28,439 [Worker-113: Updating Maven Project] INFO  o.e.m.j.i.AbstractJavaProjectConfigurator - Adding source folder /estoque/src/test/java
2025-04-27 10:22:28,440 [Worker-113: Updating Maven Project] INFO  o.e.m.j.i.AbstractJavaProjectConfigurator - Adding resource folder /estoque/src/test/resources
2025-04-27 10:22:28,778 [Worker-113: Updating Maven Project] INFO  o.e.m.c.i.p.ProjectConfigurationManager - Update completed for 1 poms: local refresh takes 0,00 sec, refresh facades takes 3,00 sec, update config takes 0,00 sec 
2025-04-27 10:22:29,440 [Worker-115: Building] INFO  o.a.m.s.f.DefaultMavenResourcesFiltering - Copying 1 resource from src\main\resources to target\classes
2025-04-27 10:22:29,462 [Worker-115: Building] INFO  o.a.m.s.f.DefaultMavenResourcesFiltering - Copying 0 resource from src\main\resources to target\classes
2025-04-27 10:22:29,467 [Worker-115: Building] INFO  o.a.m.s.f.DefaultMavenResourcesFiltering - skip non existing resourceDirectory C:\Users\mastr\OneDrive\Documentos\Programação\Fiap\POSTECH_ADJT_Outros_Projetos_Spring\spring-cloud\estoque\src\test\resources
2025-04-27 10:23:29,092 [Worker-113: Building] INFO  o.e.m.c.i.l.LifecycleMappingFactory - Using org.eclipse.m2e.jdt.JarLifecycleMapping lifecycle mapping for MavenProject: br.com.organic-xpto:estoque:0.0.1-SNAPSHOT @ C:\Users\mastr\OneDrive\Documentos\Programação\Fiap\POSTECH_ADJT_Outros_Projetos_Spring\spring-cloud\estoque\pom.xml.
2025-04-27 10:23:30,018 [Worker-113: Building] INFO  o.a.m.s.f.DefaultMavenResourcesFiltering - Copying 0 resource from src\main\resources to target\classes
2025-04-27 10:23:30,019 [Worker-113: Building] INFO  o.a.m.s.f.DefaultMavenResourcesFiltering - Copying 0 resource from src\main\resources to target\classes
2025-04-27 10:23:30,026 [Worker-113: Building] INFO  o.a.m.s.f.DefaultMavenResourcesFiltering - skip non existing resourceDirectory C:\Users\mastr\OneDrive\Documentos\Programação\Fiap\POSTECH_ADJT_Outros_Projetos_Spring\spring-cloud\estoque\src\test\resources
2025-04-27 10:23:32,130 [Worker-113: Building] INFO  o.e.m.c.i.l.LifecycleMappingFactory - Using org.eclipse.m2e.jdt.JarLifecycleMapping lifecycle mapping for MavenProject: br.com.organic-xpto:estoque:0.0.1-SNAPSHOT @ C:\Users\mastr\OneDrive\Documentos\Programação\Fiap\POSTECH_ADJT_Outros_Projetos_Spring\spring-cloud\estoque\pom.xml.
2025-04-27 10:23:32,725 [Worker-113: Building] INFO  o.e.m.c.i.e.AbstractTransferListenerAdapter - Downloading https://repo.maven.apache.org/maven2/org/springframework/cloud/spring-cloud-starter-function-web/4.1.3/spring-cloud-starter-function-web-4.1.3.pom
2025-04-27 10:23:32,731 [Worker-113: Building] INFO  o.e.m.c.i.e.AbstractTransferListenerAdapter - Downloaded https://repo.maven.apache.org/maven2/org/springframework/cloud/spring-cloud-starter-function-web/4.1.3/spring-cloud-starter-function-web-4.1.3.pom
2025-04-27 10:23:32,817 [Worker-113: Building] INFO  o.e.m.c.i.e.AbstractTransferListenerAdapter - Downloading https://repo.maven.apache.org/maven2/org/springframework/cloud/spring-cloud-function-parent/4.1.3/spring-cloud-function-parent-4.1.3.pom
2025-04-27 10:23:32,824 [Worker-113: Building] INFO  o.e.m.c.i.e.AbstractTransferListenerAdapter - Downloaded https://repo.maven.apache.org/maven2/org/springframework/cloud/spring-cloud-function-parent/4.1.3/spring-cloud-function-parent-4.1.3.pom
2025-04-27 10:23:34,461 [Worker-113: Building] INFO  o.e.m.c.i.e.AbstractTransferListenerAdapter - Downloading https://repo.maven.apache.org/maven2/org/springframework/cloud/spring-cloud-function-web/4.1.3/spring-cloud-function-web-4.1.3.pom
2025-04-27 10:23:34,466 [Worker-113: Building] INFO  o.e.m.c.i.e.AbstractTransferListenerAdapter - Downloaded https://repo.maven.apache.org/maven2/org/springframework/cloud/spring-cloud-function-web/4.1.3/spring-cloud-function-web-4.1.3.pom
2025-04-27 10:23:34,530 [Worker-113: Building] INFO  o.e.m.c.i.e.AbstractTransferListenerAdapter - Downloading https://repo.maven.apache.org/maven2/org/springframework/cloud/spring-cloud-function-context/4.1.3/spring-cloud-function-context-4.1.3.pom
2025-04-27 10:23:34,537 [Worker-113: Building] INFO  o.e.m.c.i.e.AbstractTransferListenerAdapter - Downloaded https://repo.maven.apache.org/maven2/org/springframework/cloud/spring-cloud-function-context/4.1.3/spring-cloud-function-context-4.1.3.pom
2025-04-27 10:23:34,607 [Worker-113: Building] INFO  o.e.m.c.i.e.AbstractTransferListenerAdapter - Downloading https://repo.maven.apache.org/maven2/net/jodah/typetools/0.6.2/typetools-0.6.2.pom
2025-04-27 10:23:34,619 [Worker-113: Building] INFO  o.e.m.c.i.e.AbstractTransferListenerAdapter - Downloaded https://repo.maven.apache.org/maven2/net/jodah/typetools/0.6.2/typetools-0.6.2.pom
2025-04-27 10:23:34,683 [Worker-113: Building] INFO  o.e.m.c.i.e.AbstractTransferListenerAdapter - Downloading https://repo.maven.apache.org/maven2/org/springframework/cloud/spring-cloud-function-core/4.1.3/spring-cloud-function-core-4.1.3.pom
2025-04-27 10:23:34,689 [Worker-113: Building] INFO  o.e.m.c.i.e.AbstractTransferListenerAdapter - Downloaded https://repo.maven.apache.org/maven2/org/springframework/cloud/spring-cloud-function-core/4.1.3/spring-cloud-function-core-4.1.3.pom
2025-04-27 10:23:34,752 [Worker-113: Building] INFO  o.e.m.c.i.e.AbstractTransferListenerAdapter - Downloading https://repo.maven.apache.org/maven2/org/springframework/spring-messaging/6.0.11/spring-messaging-6.0.11.pom
2025-04-27 10:23:34,757 [Worker-113: Building] INFO  o.e.m.c.i.e.AbstractTransferListenerAdapter - Downloaded https://repo.maven.apache.org/maven2/org/springframework/spring-messaging/6.0.11/spring-messaging-6.0.11.pom
2025-04-27 10:23:34,842 [Worker-113: Building] INFO  o.e.m.c.i.e.AbstractTransferListenerAdapter - Downloading https://repo.maven.apache.org/maven2/org/json/json/20240303/json-20240303.pom
2025-04-27 10:23:34,849 [Worker-113: Building] INFO  o.e.m.c.i.e.AbstractTransferListenerAdapter - Downloaded https://repo.maven.apache.org/maven2/org/json/json/20240303/json-20240303.pom
2025-04-27 10:23:35,158 [Worker-113: Building] INFO  o.e.m.c.i.e.AbstractTransferListenerAdapter - Downloading https://repo.maven.apache.org/maven2/org/springframework/cloud/spring-cloud-starter-function-web/4.1.3/spring-cloud-starter-function-web-4.1.3.jar
2025-04-27 10:23:35,163 [Worker-113: Building] INFO  o.e.m.c.i.e.AbstractTransferListenerAdapter - Downloaded https://repo.maven.apache.org/maven2/org/springframework/cloud/spring-cloud-starter-function-web/4.1.3/spring-cloud-starter-function-web-4.1.3.jar
2025-04-27 10:23:35,197 [BasicRepositoryConnector-repo.maven.apache.org-0-0] INFO  o.e.m.c.i.e.AbstractTransferListenerAdapter - Downloading https://repo.maven.apache.org/maven2/org/springframework/cloud/spring-cloud-function-web/4.1.3/spring-cloud-function-web-4.1.3.jar
2025-04-27 10:23:35,260 [BasicRepositoryConnector-repo.maven.apache.org-0-0] INFO  o.e.m.c.i.e.AbstractTransferListenerAdapter - Downloaded https://repo.maven.apache.org/maven2/org/springframework/cloud/spring-cloud-function-web/4.1.3/spring-cloud-function-web-4.1.3.jar
2025-04-27 10:23:35,321 [BasicRepositoryConnector-repo.maven.apache.org-0-0] INFO  o.e.m.c.i.e.AbstractTransferListenerAdapter - Downloading https://repo.maven.apache.org/maven2/org/json/json/20240303/json-20240303.jar
2025-04-27 10:23:35,371 [BasicRepositoryConnector-repo.maven.apache.org-0-3] INFO  o.e.m.c.i.e.AbstractTransferListenerAdapter - Downloading https://repo.maven.apache.org/maven2/org/springframework/cloud/spring-cloud-function-core/4.1.3/spring-cloud-function-core-4.1.3.jar
2025-04-27 10:23:35,372 [BasicRepositoryConnector-repo.maven.apache.org-0-2] INFO  o.e.m.c.i.e.AbstractTransferListenerAdapter - Downloading https://repo.maven.apache.org/maven2/net/jodah/typetools/0.6.2/typetools-0.6.2.jar
2025-04-27 10:23:35,373 [BasicRepositoryConnector-repo.maven.apache.org-0-4] INFO  o.e.m.c.i.e.AbstractTransferListenerAdapter - Downloading https://repo.maven.apache.org/maven2/org/springframework/spring-messaging/6.0.11/spring-messaging-6.0.11.jar
2025-04-27 10:23:35,377 [BasicRepositoryConnector-repo.maven.apache.org-0-0] INFO  o.e.m.c.i.e.AbstractTransferListenerAdapter - Downloaded https://repo.maven.apache.org/maven2/org/json/json/20240303/json-20240303.jar
2025-04-27 10:23:35,377 [BasicRepositoryConnector-repo.maven.apache.org-0-3] INFO  o.e.m.c.i.e.AbstractTransferListenerAdapter - Downloaded https://repo.maven.apache.org/maven2/org/springframework/cloud/spring-cloud-function-core/4.1.3/spring-cloud-function-core-4.1.3.jar
2025-04-27 10:23:35,385 [BasicRepositoryConnector-repo.maven.apache.org-0-1] INFO  o.e.m.c.i.e.AbstractTransferListenerAdapter - Downloading https://repo.maven.apache.org/maven2/org/springframework/cloud/spring-cloud-function-context/4.1.3/spring-cloud-function-context-4.1.3.jar
2025-04-27 10:23:35,396 [BasicRepositoryConnector-repo.maven.apache.org-0-2] INFO  o.e.m.c.i.e.AbstractTransferListenerAdapter - Downloaded https://repo.maven.apache.org/maven2/net/jodah/typetools/0.6.2/typetools-0.6.2.jar
2025-04-27 10:23:35,684 [BasicRepositoryConnector-repo.maven.apache.org-0-1] INFO  o.e.m.c.i.e.AbstractTransferListenerAdapter - Downloaded https://repo.maven.apache.org/maven2/org/springframework/cloud/spring-cloud-function-context/4.1.3/spring-cloud-function-context-4.1.3.jar
2025-04-27 10:23:36,160 [BasicRepositoryConnector-repo.maven.apache.org-0-4] INFO  o.e.m.c.i.e.AbstractTransferListenerAdapter - Downloaded https://repo.maven.apache.org/maven2/org/springframework/spring-messaging/6.0.11/spring-messaging-6.0.11.jar
2025-04-27 10:23:36,610 [Worker-113: Building] INFO  o.a.m.s.f.DefaultMavenResourcesFiltering - Copying 0 resource from src\main\resources to target\classes
2025-04-27 10:23:36,611 [Worker-113: Building] INFO  o.a.m.s.f.DefaultMavenResourcesFiltering - Copying 0 resource from src\main\resources to target\classes
2025-04-27 10:23:36,615 [Worker-113: Building] INFO  o.a.m.s.f.DefaultMavenResourcesFiltering - skip non existing resourceDirectory C:\Users\mastr\OneDrive\Documentos\Programação\Fiap\POSTECH_ADJT_Outros_Projetos_Spring\spring-cloud\estoque\src\test\resources
2025-04-27 10:23:37,752 [Worker-113: Download sources and javadoc] INFO  o.e.m.c.i.e.AbstractTransferListenerAdapter - Downloaded https://repo.maven.apache.org/maven2/org/springframework/cloud/spring-cloud-starter-function-web/4.1.3/spring-cloud-starter-function-web-4.1.3-sources.jar
2025-04-27 10:23:37,758 [Worker-113: Download sources and javadoc] ERROR o.e.m.j.internal.DownloadSourcesJob - Could not download sources for org.springframework.cloud:spring-cloud-starter-function-web:4.1.3
org.eclipse.core.runtime.CoreException: Could not resolve artifact org.springframework.cloud:spring-cloud-starter-function-web:jar:sources:4.1.3
	at org.eclipse.m2e.core.internal.embedder.MavenImpl.lambda$6(MavenImpl.java:584)
	at org.eclipse.m2e.core.internal.embedder.MavenExecutionContext.executeBare(MavenExecutionContext.java:394)
	at org.eclipse.m2e.core.internal.embedder.MavenExecutionContext.execute(MavenExecutionContext.java:228)
	at org.eclipse.m2e.core.internal.embedder.MavenExecutionContext.execute(MavenExecutionContext.java:214)
	at org.eclipse.m2e.core.internal.embedder.MavenImpl.resolve(MavenImpl.java:553)
	at org.eclipse.m2e.core.internal.embedder.MavenImpl.resolve(MavenImpl.java:538)
	at org.eclipse.m2e.jdt.internal.DownloadSourcesJob.download(DownloadSourcesJob.java:308)
	at org.eclipse.m2e.jdt.internal.DownloadSourcesJob.downloadAttachments(DownloadSourcesJob.java:282)
	at org.eclipse.m2e.jdt.internal.DownloadSourcesJob.downloadMaven(DownloadSourcesJob.java:252)
	at org.eclipse.m2e.jdt.internal.DownloadSourcesJob.downloadFilesAndPopulateToUpdate(DownloadSourcesJob.java:220)
	at org.eclipse.m2e.jdt.internal.DownloadSourcesJob.lambda$0(DownloadSourcesJob.java:149)
	at org.eclipse.m2e.core.internal.embedder.MavenExecutionContext.executeBare(MavenExecutionContext.java:394)
	at org.eclipse.m2e.core.internal.embedder.MavenExecutionContext.execute(MavenExecutionContext.java:275)
	at org.eclipse.m2e.core.internal.embedder.MavenExecutionContext.execute(MavenExecutionContext.java:214)
	at org.eclipse.m2e.core.embedder.IMaven.execute(IMaven.java:294)
	at org.eclipse.m2e.jdt.internal.DownloadSourcesJob.run(DownloadSourcesJob.java:149)
	at org.eclipse.core.internal.jobs.Worker.run(Worker.java:63)
2025-04-27 10:23:37,894 [Worker-113: Download sources and javadoc] INFO  o.e.m.c.i.e.AbstractTransferListenerAdapter - Downloading https://repo.maven.apache.org/maven2/org/springframework/cloud/spring-cloud-function-web/4.1.3/spring-cloud-function-web-4.1.3-sources.jar
2025-04-27 10:23:37,914 [Worker-113: Download sources and javadoc] INFO  o.e.m.c.i.e.AbstractTransferListenerAdapter - Downloaded https://repo.maven.apache.org/maven2/org/springframework/cloud/spring-cloud-function-web/4.1.3/spring-cloud-function-web-4.1.3-sources.jar
2025-04-27 10:23:37,920 [Worker-113: Download sources and javadoc] INFO  o.e.m.j.internal.DownloadSourcesJob - Downloaded sources for org.springframework.cloud:spring-cloud-function-web:4.1.3
2025-04-27 10:23:38,098 [Worker-113: Download sources and javadoc] INFO  o.e.m.c.i.e.AbstractTransferListenerAdapter - Downloading https://repo.maven.apache.org/maven2/org/springframework/cloud/spring-cloud-function-context/4.1.3/spring-cloud-function-context-4.1.3-sources.jar
2025-04-27 10:23:38,166 [Worker-113: Download sources and javadoc] INFO  o.e.m.c.i.e.AbstractTransferListenerAdapter - Downloaded https://repo.maven.apache.org/maven2/org/springframework/cloud/spring-cloud-function-context/4.1.3/spring-cloud-function-context-4.1.3-sources.jar
2025-04-27 10:23:38,172 [Worker-113: Download sources and javadoc] INFO  o.e.m.j.internal.DownloadSourcesJob - Downloaded sources for org.springframework.cloud:spring-cloud-function-context:4.1.3
2025-04-27 10:23:38,310 [Worker-113: Download sources and javadoc] INFO  o.e.m.c.i.e.AbstractTransferListenerAdapter - Downloading https://repo.maven.apache.org/maven2/net/jodah/typetools/0.6.2/typetools-0.6.2-sources.jar
2025-04-27 10:23:38,315 [Worker-113: Download sources and javadoc] INFO  o.e.m.c.i.e.AbstractTransferListenerAdapter - Downloaded https://repo.maven.apache.org/maven2/net/jodah/typetools/0.6.2/typetools-0.6.2-sources.jar
2025-04-27 10:23:38,320 [Worker-113: Download sources and javadoc] INFO  o.e.m.j.internal.DownloadSourcesJob - Downloaded sources for net.jodah:typetools:0.6.2
2025-04-27 10:23:38,478 [Worker-113: Download sources and javadoc] INFO  o.e.m.c.i.e.AbstractTransferListenerAdapter - Downloading https://repo.maven.apache.org/maven2/org/springframework/cloud/spring-cloud-function-core/4.1.3/spring-cloud-function-core-4.1.3-sources.jar
2025-04-27 10:23:38,483 [Worker-113: Download sources and javadoc] INFO  o.e.m.c.i.e.AbstractTransferListenerAdapter - Downloaded https://repo.maven.apache.org/maven2/org/springframework/cloud/spring-cloud-function-core/4.1.3/spring-cloud-function-core-4.1.3-sources.jar
2025-04-27 10:23:38,490 [Worker-113: Download sources and javadoc] INFO  o.e.m.j.internal.DownloadSourcesJob - Downloaded sources for org.springframework.cloud:spring-cloud-function-core:4.1.3
2025-04-27 10:23:38,618 [Worker-113: Download sources and javadoc] INFO  o.e.m.c.i.e.AbstractTransferListenerAdapter - Downloading https://repo.maven.apache.org/maven2/org/springframework/spring-messaging/6.0.11/spring-messaging-6.0.11-sources.jar
2025-04-27 10:23:38,984 [Worker-113: Download sources and javadoc] INFO  o.e.m.c.i.e.AbstractTransferListenerAdapter - Downloaded https://repo.maven.apache.org/maven2/org/springframework/spring-messaging/6.0.11/spring-messaging-6.0.11-sources.jar
2025-04-27 10:23:38,990 [Worker-113: Download sources and javadoc] INFO  o.e.m.j.internal.DownloadSourcesJob - Downloaded sources for org.springframework:spring-messaging:6.0.11
2025-04-27 10:23:39,140 [Worker-113: Download sources and javadoc] INFO  o.e.m.c.i.e.AbstractTransferListenerAdapter - Downloading https://repo.maven.apache.org/maven2/org/json/json/20240303/json-20240303-sources.jar
2025-04-27 10:23:39,193 [Worker-113: Download sources and javadoc] INFO  o.e.m.c.i.e.AbstractTransferListenerAdapter - Downloaded https://repo.maven.apache.org/maven2/org/json/json/20240303/json-20240303-sources.jar
2025-04-27 10:23:39,199 [Worker-113: Download sources and javadoc] INFO  o.e.m.j.internal.DownloadSourcesJob - Downloaded sources for org.json:json:20240303
2025-04-27 10:23:43,445 [Worker-104: Building] INFO  o.e.m.c.i.l.LifecycleMappingFactory - Using org.eclipse.m2e.jdt.JarLifecycleMapping lifecycle mapping for MavenProject: br.com.organic-xpto:estoque:0.0.1-SNAPSHOT @ C:\Users\mastr\OneDrive\Documentos\Programação\Fiap\POSTECH_ADJT_Outros_Projetos_Spring\spring-cloud\estoque\pom.xml.
2025-04-27 10:23:44,388 [Worker-104: Building] INFO  o.a.m.s.f.DefaultMavenResourcesFiltering - Copying 1 resource from src\main\resources to target\classes
2025-04-27 10:23:44,404 [Worker-104: Building] INFO  o.a.m.s.f.DefaultMavenResourcesFiltering - Copying 0 resource from src\main\resources to target\classes
2025-04-27 10:23:44,409 [Worker-104: Building] INFO  o.a.m.s.f.DefaultMavenResourcesFiltering - skip non existing resourceDirectory C:\Users\mastr\OneDrive\Documentos\Programação\Fiap\POSTECH_ADJT_Outros_Projetos_Spring\spring-cloud\estoque\src\test\resources
2025-04-27 10:23:47,573 [Worker-113: Building] INFO  o.e.m.c.i.l.LifecycleMappingFactory - Using org.eclipse.m2e.jdt.JarLifecycleMapping lifecycle mapping for MavenProject: br.com.organic-xpto:estoque:0.0.1-SNAPSHOT @ C:\Users\mastr\OneDrive\Documentos\Programação\Fiap\POSTECH_ADJT_Outros_Projetos_Spring\spring-cloud\estoque\pom.xml.
2025-04-27 10:23:48,516 [Worker-113: Building] INFO  o.a.m.s.f.DefaultMavenResourcesFiltering - Copying 1 resource from src\main\resources to target\classes
2025-04-27 10:23:48,532 [Worker-113: Building] INFO  o.a.m.s.f.DefaultMavenResourcesFiltering - Copying 0 resource from src\main\resources to target\classes
2025-04-27 10:23:48,536 [Worker-113: Building] INFO  o.a.m.s.f.DefaultMavenResourcesFiltering - skip non existing resourceDirectory C:\Users\mastr\OneDrive\Documentos\Programação\Fiap\POSTECH_ADJT_Outros_Projetos_Spring\spring-cloud\estoque\src\test\resources
2025-04-27 10:23:52,525 [Worker-112: Building] INFO  o.e.m.c.i.l.LifecycleMappingFactory - Using org.eclipse.m2e.jdt.JarLifecycleMapping lifecycle mapping for MavenProject: br.com.organic-xpto:estoque:0.0.1-SNAPSHOT @ C:\Users\mastr\OneDrive\Documentos\Programação\Fiap\POSTECH_ADJT_Outros_Projetos_Spring\spring-cloud\estoque\pom.xml.
2025-04-27 10:23:53,346 [Worker-112: Building] INFO  o.a.m.s.f.DefaultMavenResourcesFiltering - Copying 0 resource from src\main\resources to target\classes
2025-04-27 10:23:53,347 [Worker-112: Building] INFO  o.a.m.s.f.DefaultMavenResourcesFiltering - Copying 0 resource from src\main\resources to target\classes
2025-04-27 10:23:53,352 [Worker-112: Building] INFO  o.a.m.s.f.DefaultMavenResourcesFiltering - skip non existing resourceDirectory C:\Users\mastr\OneDrive\Documentos\Programação\Fiap\POSTECH_ADJT_Outros_Projetos_Spring\spring-cloud\estoque\src\test\resources
2025-04-27 10:23:55,414 [Worker-113: Building] INFO  o.e.m.c.i.l.LifecycleMappingFactory - Using org.eclipse.m2e.jdt.JarLifecycleMapping lifecycle mapping for MavenProject: br.com.organic-xpto:estoque:0.0.1-SNAPSHOT @ C:\Users\mastr\OneDrive\Documentos\Programação\Fiap\POSTECH_ADJT_Outros_Projetos_Spring\spring-cloud\estoque\pom.xml.
2025-04-27 10:23:56,293 [Worker-113: Building] INFO  o.a.m.s.f.DefaultMavenResourcesFiltering - Copying 0 resource from src\main\resources to target\classes
2025-04-27 10:23:56,295 [Worker-113: Building] INFO  o.a.m.s.f.DefaultMavenResourcesFiltering - Copying 0 resource from src\main\resources to target\classes
2025-04-27 10:23:56,299 [Worker-113: Building] INFO  o.a.m.s.f.DefaultMavenResourcesFiltering - skip non existing resourceDirectory C:\Users\mastr\OneDrive\Documentos\Programação\Fiap\POSTECH_ADJT_Outros_Projetos_Spring\spring-cloud\estoque\src\test\resources
2025-04-27 10:23:58,451 [Worker-114: Building] INFO  o.e.m.c.i.l.LifecycleMappingFactory - Using org.eclipse.m2e.jdt.JarLifecycleMapping lifecycle mapping for MavenProject: br.com.organic-xpto:estoque:0.0.1-SNAPSHOT @ C:\Users\mastr\OneDrive\Documentos\Programação\Fiap\POSTECH_ADJT_Outros_Projetos_Spring\spring-cloud\estoque\pom.xml.
2025-04-27 10:23:59,072 [Worker-114: Building] INFO  o.a.m.s.f.DefaultMavenResourcesFiltering - Copying 0 resource from src\main\resources to target\classes
2025-04-27 10:23:59,073 [Worker-114: Building] INFO  o.a.m.s.f.DefaultMavenResourcesFiltering - Copying 0 resource from src\main\resources to target\classes
2025-04-27 10:23:59,077 [Worker-114: Building] INFO  o.a.m.s.f.DefaultMavenResourcesFiltering - skip non existing resourceDirectory C:\Users\mastr\OneDrive\Documentos\Programação\Fiap\POSTECH_ADJT_Outros_Projetos_Spring\spring-cloud\estoque\src\test\resources
2025-04-27 10:24:06,699 [Worker-111: Building] INFO  o.e.m.c.i.l.LifecycleMappingFactory - Using org.eclipse.m2e.jdt.JarLifecycleMapping lifecycle mapping for MavenProject: br.com.organic-xpto:estoque:0.0.1-SNAPSHOT @ C:\Users\mastr\OneDrive\Documentos\Programação\Fiap\POSTECH_ADJT_Outros_Projetos_Spring\spring-cloud\estoque\pom.xml.
2025-04-27 10:24:07,625 [Worker-111: Building] INFO  o.a.m.s.f.DefaultMavenResourcesFiltering - Copying 0 resource from src\main\resources to target\classes
2025-04-27 10:24:07,627 [Worker-111: Building] INFO  o.a.m.s.f.DefaultMavenResourcesFiltering - Copying 0 resource from src\main\resources to target\classes
2025-04-27 10:24:07,631 [Worker-111: Building] INFO  o.a.m.s.f.DefaultMavenResourcesFiltering - skip non existing resourceDirectory C:\Users\mastr\OneDrive\Documentos\Programação\Fiap\POSTECH_ADJT_Outros_Projetos_Spring\spring-cloud\estoque\src\test\resources
2025-04-27 10:24:08,704 [Worker-104: Download sources and javadoc] INFO  o.e.m.c.i.e.AbstractTransferListenerAdapter - Downloaded https://repo.maven.apache.org/maven2/org/springframework/cloud/spring-cloud-starter-function-web/4.1.3/spring-cloud-starter-function-web-4.1.3-javadoc.jar
2025-04-27 10:24:08,707 [Worker-104: Download sources and javadoc] ERROR o.e.m.j.internal.DownloadSourcesJob - Could not download javadoc for org.springframework.cloud:spring-cloud-starter-function-web:4.1.3
org.eclipse.core.runtime.CoreException: Could not resolve artifact org.springframework.cloud:spring-cloud-starter-function-web:jar:javadoc:4.1.3
	at org.eclipse.m2e.core.internal.embedder.MavenImpl.lambda$6(MavenImpl.java:584)
	at org.eclipse.m2e.core.internal.embedder.MavenExecutionContext.executeBare(MavenExecutionContext.java:394)
	at org.eclipse.m2e.core.internal.embedder.MavenExecutionContext.execute(MavenExecutionContext.java:228)
	at org.eclipse.m2e.core.internal.embedder.MavenExecutionContext.execute(MavenExecutionContext.java:214)
	at org.eclipse.m2e.core.internal.embedder.MavenImpl.resolve(MavenImpl.java:553)
	at org.eclipse.m2e.core.internal.embedder.MavenImpl.resolve(MavenImpl.java:538)
	at org.eclipse.m2e.jdt.internal.DownloadSourcesJob.download(DownloadSourcesJob.java:308)
	at org.eclipse.m2e.jdt.internal.DownloadSourcesJob.downloadAttachments(DownloadSourcesJob.java:294)
	at org.eclipse.m2e.jdt.internal.DownloadSourcesJob.downloadMaven(DownloadSourcesJob.java:252)
	at org.eclipse.m2e.jdt.internal.DownloadSourcesJob.downloadFilesAndPopulateToUpdate(DownloadSourcesJob.java:220)
	at org.eclipse.m2e.jdt.internal.DownloadSourcesJob.lambda$0(DownloadSourcesJob.java:149)
	at org.eclipse.m2e.core.internal.embedder.MavenExecutionContext.executeBare(MavenExecutionContext.java:394)
	at org.eclipse.m2e.core.internal.embedder.MavenExecutionContext.execute(MavenExecutionContext.java:275)
	at org.eclipse.m2e.core.internal.embedder.MavenExecutionContext.execute(MavenExecutionContext.java:214)
	at org.eclipse.m2e.core.embedder.IMaven.execute(IMaven.java:294)
	at org.eclipse.m2e.jdt.internal.DownloadSourcesJob.run(DownloadSourcesJob.java:149)
	at org.eclipse.core.internal.jobs.Worker.run(Worker.java:63)
2025-04-27 10:24:23,966 [Worker-112: Updating Maven Project] INFO  o.e.m.c.i.p.ProjectConfigurationManager - Update started
2025-04-27 10:24:25,292 [Worker-112: Updating Maven Project] INFO  o.e.m.c.i.l.LifecycleMappingFactory - Using org.eclipse.m2e.jdt.JarLifecycleMapping lifecycle mapping for MavenProject: br.com.organic-xpto:estoque:0.0.1-SNAPSHOT @ C:\Users\mastr\OneDrive\Documentos\Programação\Fiap\POSTECH_ADJT_Outros_Projetos_Spring\spring-cloud\estoque\pom.xml.
2025-04-27 10:24:25,846 [Worker-112: Updating Maven Project] INFO  o.e.m.c.i.l.LifecycleMappingFactory - Using org.eclipse.m2e.jdt.JarLifecycleMapping lifecycle mapping for MavenProject: br.com.organic-xpto:gateway:0.0.1-SNAPSHOT @ C:\Users\mastr\OneDrive\Documentos\Programação\Fiap\POSTECH_ADJT_Outros_Projetos_Spring\spring-cloud\gateway\pom.xml.
2025-04-27 10:24:26,390 [Worker-112: Updating Maven Project] INFO  o.e.m.c.i.l.LifecycleMappingFactory - Using org.eclipse.m2e.jdt.JarLifecycleMapping lifecycle mapping for MavenProject: br.com.organic-xpto:pedidos:0.0.1-SNAPSHOT @ C:\Users\mastr\OneDrive\Documentos\Programação\Fiap\POSTECH_ADJT_Outros_Projetos_Spring\spring-cloud\pedidos\pom.xml.
2025-04-27 10:24:27,762 [Worker-112: Updating Maven Project] INFO  o.e.m.j.i.AbstractJavaProjectConfigurator - Adding source folder /estoque/src/main/java
2025-04-27 10:24:27,762 [Worker-112: Updating Maven Project] INFO  o.e.m.j.i.AbstractJavaProjectConfigurator - Adding resource folder /estoque/src/main/resources
2025-04-27 10:24:27,763 [Worker-112: Updating Maven Project] INFO  o.e.m.j.i.AbstractJavaProjectConfigurator - Adding resource folder /estoque/src/main/resources
2025-04-27 10:24:27,763 [Worker-112: Updating Maven Project] INFO  o.e.m.j.i.AbstractJavaProjectConfigurator - Adding source folder /estoque/src/test/java
2025-04-27 10:24:27,763 [Worker-112: Updating Maven Project] INFO  o.e.m.j.i.AbstractJavaProjectConfigurator - Adding resource folder /estoque/src/test/resources
2025-04-27 10:24:28,068 [Worker-112: Updating Maven Project] INFO  o.e.m.c.i.p.ProjectConfigurationManager - Update completed for 1 poms: local refresh takes 0,00 sec, refresh facades takes 3,00 sec, update config takes 0,00 sec 
2025-04-27 10:24:28,504 [Worker-116: Building] INFO  o.a.m.s.f.DefaultMavenResourcesFiltering - Copying 1 resource from src\main\resources to target\classes
2025-04-27 10:24:28,528 [Worker-116: Building] INFO  o.a.m.s.f.DefaultMavenResourcesFiltering - Copying 0 resource from src\main\resources to target\classes
2025-04-27 10:24:28,533 [Worker-116: Building] INFO  o.a.m.s.f.DefaultMavenResourcesFiltering - skip non existing resourceDirectory C:\Users\mastr\OneDrive\Documentos\Programação\Fiap\POSTECH_ADJT_Outros_Projetos_Spring\spring-cloud\estoque\src\test\resources
2025-04-27 10:25:57,044 [Worker-113: Updating Maven Project] INFO  o.e.m.c.i.p.ProjectConfigurationManager - Update started
2025-04-27 10:25:57,471 [Worker-113: Updating Maven Project] INFO  o.e.m.c.i.l.LifecycleMappingFactory - Using org.eclipse.m2e.jdt.JarLifecycleMapping lifecycle mapping for MavenProject: br.com.organic-xpto:estoque:0.0.1-SNAPSHOT @ C:\Users\mastr\OneDrive\Documentos\Programação\Fiap\POSTECH_ADJT_Outros_Projetos_Spring\spring-cloud\estoque\pom.xml.
2025-04-27 10:25:58,135 [Worker-113: Updating Maven Project] INFO  o.e.m.j.i.AbstractJavaProjectConfigurator - Adding source folder /estoque/src/main/java
2025-04-27 10:25:58,135 [Worker-113: Updating Maven Project] INFO  o.e.m.j.i.AbstractJavaProjectConfigurator - Adding resource folder /estoque/src/main/resources
2025-04-27 10:25:58,135 [Worker-113: Updating Maven Project] INFO  o.e.m.j.i.AbstractJavaProjectConfigurator - Adding resource folder /estoque/src/main/resources
2025-04-27 10:25:58,136 [Worker-113: Updating Maven Project] INFO  o.e.m.j.i.AbstractJavaProjectConfigurator - Adding source folder /estoque/src/test/java
2025-04-27 10:25:58,136 [Worker-113: Updating Maven Project] INFO  o.e.m.j.i.AbstractJavaProjectConfigurator - Adding resource folder /estoque/src/test/resources
2025-04-27 10:25:58,488 [Worker-113: Updating Maven Project] INFO  o.e.m.c.i.p.ProjectConfigurationManager - Update completed for 1 poms: local refresh takes 0,00 sec, refresh facades takes 0,00 sec, update config takes 0,00 sec 
2025-04-27 10:25:58,875 [Worker-9: Building] INFO  o.a.m.s.f.DefaultMavenResourcesFiltering - Copying 1 resource from src\main\resources to target\classes
2025-04-27 10:25:58,893 [Worker-9: Building] INFO  o.a.m.s.f.DefaultMavenResourcesFiltering - Copying 0 resource from src\main\resources to target\classes
2025-04-27 10:25:58,897 [Worker-9: Building] INFO  o.a.m.s.f.DefaultMavenResourcesFiltering - skip non existing resourceDirectory C:\Users\mastr\OneDrive\Documentos\Programação\Fiap\POSTECH_ADJT_Outros_Projetos_Spring\spring-cloud\estoque\src\test\resources
2025-04-27 10:27:45,772 [Worker-111: Building] INFO  o.a.m.s.f.DefaultMavenResourcesFiltering - Copying 1 resource from src\main\resources to target\classes
2025-04-27 10:27:45,783 [Worker-111: Building] INFO  o.a.m.s.f.DefaultMavenResourcesFiltering - Copying 0 resource from src\main\resources to target\classes
2025-04-27 10:27:45,786 [Worker-111: Building] INFO  o.a.m.s.f.DefaultMavenResourcesFiltering - skip non existing resourceDirectory C:\Users\mastr\OneDrive\Documentos\Programação\Fiap\POSTECH_ADJT_Outros_Projetos_Spring\spring-cloud\estoque\src\test\resources
2025-04-27 10:34:18,662 [Worker-120: Building] INFO  o.a.m.s.f.DefaultMavenResourcesFiltering - Copying 1 resource from src\main\resources to target\classes
2025-04-27 10:34:18,672 [Worker-120: Building] INFO  o.a.m.s.f.DefaultMavenResourcesFiltering - Copying 0 resource from src\main\resources to target\classes
2025-04-27 10:34:18,675 [Worker-120: Building] INFO  o.a.m.s.f.DefaultMavenResourcesFiltering - skip non existing resourceDirectory C:\Users\mastr\OneDrive\Documentos\Programação\Fiap\POSTECH_ADJT_Outros_Projetos_Spring\spring-cloud\pedidos\src\test\resources
2025-04-27 10:35:31,009 [Worker-121: Building] INFO  o.a.m.s.f.DefaultMavenResourcesFiltering - Copying 1 resource from src\main\resources to target\classes
2025-04-27 10:35:31,032 [Worker-121: Building] INFO  o.a.m.s.f.DefaultMavenResourcesFiltering - Copying 0 resource from src\main\resources to target\classes
2025-04-27 10:35:31,035 [Worker-121: Building] INFO  o.a.m.s.f.DefaultMavenResourcesFiltering - skip non existing resourceDirectory C:\Users\mastr\OneDrive\Documentos\Programação\Fiap\POSTECH_ADJT_Outros_Projetos_Spring\spring-cloud\pedidos\src\test\resources
2025-04-27 10:37:40,731 [Worker-111: Updating Maven Project] INFO  o.e.m.c.i.p.ProjectConfigurationManager - Update started
2025-04-27 10:37:41,256 [Worker-111: Updating Maven Project] INFO  o.e.m.c.i.l.LifecycleMappingFactory - Using org.eclipse.m2e.jdt.JarLifecycleMapping lifecycle mapping for MavenProject: br.com.organic-xpto:pedidos:0.0.1-SNAPSHOT @ C:\Users\mastr\OneDrive\Documentos\Programação\Fiap\POSTECH_ADJT_Outros_Projetos_Spring\spring-cloud\pedidos\pom.xml.
2025-04-27 10:37:42,003 [Worker-111: Updating Maven Project] INFO  o.e.m.j.i.AbstractJavaProjectConfigurator - Adding source folder /pedidos/src/main/java
2025-04-27 10:37:42,004 [Worker-111: Updating Maven Project] INFO  o.e.m.j.i.AbstractJavaProjectConfigurator - Adding resource folder /pedidos/src/main/resources
2025-04-27 10:37:42,005 [Worker-111: Updating Maven Project] INFO  o.e.m.j.i.AbstractJavaProjectConfigurator - Adding resource folder /pedidos/src/main/resources
2025-04-27 10:37:42,005 [Worker-111: Updating Maven Project] INFO  o.e.m.j.i.AbstractJavaProjectConfigurator - Adding source folder /pedidos/src/test/java
2025-04-27 10:37:42,006 [Worker-111: Updating Maven Project] INFO  o.e.m.j.i.AbstractJavaProjectConfigurator - Adding resource folder /pedidos/src/test/resources
2025-04-27 10:37:42,500 [Worker-111: Updating Maven Project] INFO  o.e.m.c.i.p.ProjectConfigurationManager - Update completed for 1 poms: local refresh takes 0,00 sec, refresh facades takes 1,00 sec, update config takes 0,00 sec 
2025-04-27 10:37:42,750 [Worker-122: Building] INFO  o.a.m.s.f.DefaultMavenResourcesFiltering - Copying 1 resource from src\main\resources to target\classes
2025-04-27 10:37:42,753 [Worker-122: Building] INFO  o.a.m.s.f.DefaultMavenResourcesFiltering - Copying 0 resource from src\main\resources to target\classes
2025-04-27 10:37:42,757 [Worker-122: Building] INFO  o.a.m.s.f.DefaultMavenResourcesFiltering - skip non existing resourceDirectory C:\Users\mastr\OneDrive\Documentos\Programação\Fiap\POSTECH_ADJT_Outros_Projetos_Spring\spring-cloud\pedidos\src\test\resources
2025-04-27 10:40:35,017 [Worker-2: Loading available Gradle versions] INFO  o.e.b.c.i.u.g.PublishedGradleVersions - Gradle version information cache is out-of-date. Trying to update.
2025-04-27 10:43:29,108 [Worker-3: Building] INFO  o.a.m.s.f.DefaultMavenResourcesFiltering - Copying 1 resource from src\main\resources to target\classes
2025-04-27 10:43:29,133 [Worker-3: Building] INFO  o.a.m.s.f.DefaultMavenResourcesFiltering - Copying 0 resource from src\main\resources to target\classes
2025-04-27 10:43:29,141 [Worker-3: Building] INFO  o.a.m.s.f.DefaultMavenResourcesFiltering - skip non existing resourceDirectory C:\Users\mastr\OneDrive\Documentos\Programação\Fiap\POSTECH_ADJT_Outros_Projetos_Spring\spring-cloud\pedidos\src\test\resources
2025-04-27 10:44:23,321 [Worker-8: Building] INFO  o.a.m.s.f.DefaultMavenResourcesFiltering - Copying 1 resource from src\main\resources to target\classes
2025-04-27 10:44:23,331 [Worker-8: Building] INFO  o.a.m.s.f.DefaultMavenResourcesFiltering - Copying 0 resource from src\main\resources to target\classes
2025-04-27 10:44:23,340 [Worker-8: Building] INFO  o.a.m.s.f.DefaultMavenResourcesFiltering - skip non existing resourceDirectory C:\Users\mastr\OneDrive\Documentos\Programação\Fiap\POSTECH_ADJT_Outros_Projetos_Spring\spring-cloud\pedidos\src\test\resources
2025-04-27 10:44:25,509 [Worker-9: Building] INFO  o.a.m.s.f.DefaultMavenResourcesFiltering - Copying 1 resource from src\main\resources to target\classes
2025-04-27 10:44:25,518 [Worker-9: Building] INFO  o.a.m.s.f.DefaultMavenResourcesFiltering - Copying 0 resource from src\main\resources to target\classes
2025-04-27 10:44:25,522 [Worker-9: Building] INFO  o.a.m.s.f.DefaultMavenResourcesFiltering - skip non existing resourceDirectory C:\Users\mastr\OneDrive\Documentos\Programação\Fiap\POSTECH_ADJT_Outros_Projetos_Spring\spring-cloud\pedidos\src\test\resources
2025-04-27 10:50:11,670 [Worker-16: Building] INFO  o.a.m.s.f.DefaultMavenResourcesFiltering - Copying 1 resource from src\main\resources to target\classes
2025-04-27 10:50:11,679 [Worker-16: Building] INFO  o.a.m.s.f.DefaultMavenResourcesFiltering - Copying 0 resource from src\main\resources to target\classes
2025-04-27 10:50:11,685 [Worker-16: Building] INFO  o.a.m.s.f.DefaultMavenResourcesFiltering - skip non existing resourceDirectory C:\Users\mastr\OneDrive\Documentos\Programação\Fiap\POSTECH_ADJT_Outros_Projetos_Spring\spring-cloud\pedidos\src\test\resources
2025-04-27 10:50:16,926 [Worker-0: Building] INFO  o.a.m.s.f.DefaultMavenResourcesFiltering - Copying 1 resource from src\main\resources to target\classes
2025-04-27 10:50:16,945 [Worker-0: Building] INFO  o.a.m.s.f.DefaultMavenResourcesFiltering - Copying 0 resource from src\main\resources to target\classes
2025-04-27 10:50:16,954 [Worker-0: Building] INFO  o.a.m.s.f.DefaultMavenResourcesFiltering - skip non existing resourceDirectory C:\Users\mastr\OneDrive\Documentos\Programação\Fiap\POSTECH_ADJT_Outros_Projetos_Spring\spring-cloud\pedidos\src\test\resources
2025-04-27 10:50:24,597 [Worker-0: Building] INFO  o.a.m.s.f.DefaultMavenResourcesFiltering - Copying 1 resource from src\main\resources to target\classes
2025-04-27 10:50:24,608 [Worker-0: Building] INFO  o.a.m.s.f.DefaultMavenResourcesFiltering - Copying 0 resource from src\main\resources to target\classes
2025-04-27 10:50:24,619 [Worker-0: Building] INFO  o.a.m.s.f.DefaultMavenResourcesFiltering - skip non existing resourceDirectory C:\Users\mastr\OneDrive\Documentos\Programação\Fiap\POSTECH_ADJT_Outros_Projetos_Spring\spring-cloud\pedidos\src\test\resources
2025-04-27 10:50:30,432 [Worker-0: Building] INFO  o.a.m.s.f.DefaultMavenResourcesFiltering - Copying 1 resource from src\main\resources to target\classes
2025-04-27 10:50:30,440 [Worker-0: Building] INFO  o.a.m.s.f.DefaultMavenResourcesFiltering - Copying 0 resource from src\main\resources to target\classes
2025-04-27 10:50:30,444 [Worker-0: Building] INFO  o.a.m.s.f.DefaultMavenResourcesFiltering - skip non existing resourceDirectory C:\Users\mastr\OneDrive\Documentos\Programação\Fiap\POSTECH_ADJT_Outros_Projetos_Spring\spring-cloud\pedidos\src\test\resources
2025-04-27 10:54:31,709 [Worker-20: Building] INFO  o.a.m.s.f.DefaultMavenResourcesFiltering - Copying 1 resource from src\main\resources to target\classes
2025-04-27 10:54:31,718 [Worker-20: Building] INFO  o.a.m.s.f.DefaultMavenResourcesFiltering - Copying 0 resource from src\main\resources to target\classes
2025-04-27 10:54:31,726 [Worker-20: Building] INFO  o.a.m.s.f.DefaultMavenResourcesFiltering - skip non existing resourceDirectory C:\Users\mastr\OneDrive\Documentos\Programação\Fiap\POSTECH_ADJT_Outros_Projetos_Spring\spring-cloud\estoque\src\test\resources
2025-04-27 10:56:36,088 [Worker-16: Building] INFO  o.a.m.s.f.DefaultMavenResourcesFiltering - Copying 1 resource from src\main\resources to target\classes
2025-04-27 10:56:36,098 [Worker-16: Building] INFO  o.a.m.s.f.DefaultMavenResourcesFiltering - Copying 0 resource from src\main\resources to target\classes
2025-04-27 10:56:36,104 [Worker-16: Building] INFO  o.a.m.s.f.DefaultMavenResourcesFiltering - skip non existing resourceDirectory C:\Users\mastr\OneDrive\Documentos\Programação\Fiap\POSTECH_ADJT_Outros_Projetos_Spring\spring-cloud\pedidos\src\test\resources
2025-04-27 10:58:44,490 [Worker-24: Building] INFO  o.a.m.s.f.DefaultMavenResourcesFiltering - Copying 1 resource from src\main\resources to target\classes
2025-04-27 10:58:44,515 [Worker-24: Building] INFO  o.a.m.s.f.DefaultMavenResourcesFiltering - Copying 0 resource from src\main\resources to target\classes
2025-04-27 10:58:44,529 [Worker-24: Building] INFO  o.a.m.s.f.DefaultMavenResourcesFiltering - skip non existing resourceDirectory C:\Users\mastr\OneDrive\Documentos\Programação\Fiap\POSTECH_ADJT_Outros_Projetos_Spring\spring-cloud\gateway\src\test\resources
2025-04-27 10:58:49,637 [Worker-26: Building] INFO  o.a.m.s.f.DefaultMavenResourcesFiltering - Copying 1 resource from src\main\resources to target\classes
2025-04-27 10:58:49,646 [Worker-26: Building] INFO  o.a.m.s.f.DefaultMavenResourcesFiltering - Copying 0 resource from src\main\resources to target\classes
2025-04-27 10:58:49,652 [Worker-26: Building] INFO  o.a.m.s.f.DefaultMavenResourcesFiltering - skip non existing resourceDirectory C:\Users\mastr\OneDrive\Documentos\Programação\Fiap\POSTECH_ADJT_Outros_Projetos_Spring\spring-cloud\gateway\src\test\resources
2025-04-27 10:58:53,866 [Worker-0: Building] INFO  o.a.m.s.f.DefaultMavenResourcesFiltering - Copying 1 resource from src\main\resources to target\classes
2025-04-27 10:58:53,874 [Worker-0: Building] INFO  o.a.m.s.f.DefaultMavenResourcesFiltering - Copying 0 resource from src\main\resources to target\classes
2025-04-27 10:58:53,878 [Worker-0: Building] INFO  o.a.m.s.f.DefaultMavenResourcesFiltering - skip non existing resourceDirectory C:\Users\mastr\OneDrive\Documentos\Programação\Fiap\POSTECH_ADJT_Outros_Projetos_Spring\spring-cloud\gateway\src\test\resources
2025-04-27 10:58:57,052 [Worker-24: Building] INFO  o.a.m.s.f.DefaultMavenResourcesFiltering - Copying 1 resource from src\main\resources to target\classes
2025-04-27 10:58:57,060 [Worker-24: Building] INFO  o.a.m.s.f.DefaultMavenResourcesFiltering - Copying 0 resource from src\main\resources to target\classes
2025-04-27 10:58:57,064 [Worker-24: Building] INFO  o.a.m.s.f.DefaultMavenResourcesFiltering - skip non existing resourceDirectory C:\Users\mastr\OneDrive\Documentos\Programação\Fiap\POSTECH_ADJT_Outros_Projetos_Spring\spring-cloud\gateway\src\test\resources
2025-04-27 10:59:31,658 [Worker-0: Building] INFO  o.a.m.s.f.DefaultMavenResourcesFiltering - Copying 1 resource from src\main\resources to target\classes
2025-04-27 10:59:31,665 [Worker-0: Building] INFO  o.a.m.s.f.DefaultMavenResourcesFiltering - Copying 0 resource from src\main\resources to target\classes
2025-04-27 10:59:31,670 [Worker-0: Building] INFO  o.a.m.s.f.DefaultMavenResourcesFiltering - skip non existing resourceDirectory C:\Users\mastr\OneDrive\Documentos\Programação\Fiap\POSTECH_ADJT_Outros_Projetos_Spring\spring-cloud\gateway\src\test\resources
2025-04-27 10:59:48,492 [Worker-26: Building] INFO  o.a.m.s.f.DefaultMavenResourcesFiltering - Copying 1 resource from src\main\resources to target\classes
2025-04-27 10:59:48,500 [Worker-26: Building] INFO  o.a.m.s.f.DefaultMavenResourcesFiltering - Copying 0 resource from src\main\resources to target\classes
2025-04-27 10:59:48,505 [Worker-26: Building] INFO  o.a.m.s.f.DefaultMavenResourcesFiltering - skip non existing resourceDirectory C:\Users\mastr\OneDrive\Documentos\Programação\Fiap\POSTECH_ADJT_Outros_Projetos_Spring\spring-cloud\gateway\src\test\resources
2025-04-27 10:59:53,618 [Worker-0: Building] INFO  o.a.m.s.f.DefaultMavenResourcesFiltering - Copying 1 resource from src\main\resources to target\classes
2025-04-27 10:59:53,624 [Worker-0: Building] INFO  o.a.m.s.f.DefaultMavenResourcesFiltering - Copying 0 resource from src\main\resources to target\classes
2025-04-27 10:59:53,629 [Worker-0: Building] INFO  o.a.m.s.f.DefaultMavenResourcesFiltering - skip non existing resourceDirectory C:\Users\mastr\OneDrive\Documentos\Programação\Fiap\POSTECH_ADJT_Outros_Projetos_Spring\spring-cloud\gateway\src\test\resources
2025-04-27 11:00:06,970 [Worker-25: Building] INFO  o.a.m.s.f.DefaultMavenResourcesFiltering - Copying 1 resource from src\main\resources to target\classes
2025-04-27 11:00:06,979 [Worker-25: Building] INFO  o.a.m.s.f.DefaultMavenResourcesFiltering - Copying 0 resource from src\main\resources to target\classes
2025-04-27 11:00:06,985 [Worker-25: Building] INFO  o.a.m.s.f.DefaultMavenResourcesFiltering - skip non existing resourceDirectory C:\Users\mastr\OneDrive\Documentos\Programação\Fiap\POSTECH_ADJT_Outros_Projetos_Spring\spring-cloud\gateway\src\test\resources
2025-04-27 11:00:36,077 [Worker-25: Building] INFO  o.a.m.s.f.DefaultMavenResourcesFiltering - Copying 1 resource from src\main\resources to target\classes
2025-04-27 11:00:36,146 [Worker-25: Building] INFO  o.a.m.s.f.DefaultMavenResourcesFiltering - Copying 0 resource from src\main\resources to target\classes
2025-04-27 11:00:36,152 [Worker-25: Building] INFO  o.a.m.s.f.DefaultMavenResourcesFiltering - skip non existing resourceDirectory C:\Users\mastr\OneDrive\Documentos\Programação\Fiap\POSTECH_ADJT_Outros_Projetos_Spring\spring-cloud\gateway\src\test\resources
2025-04-27 11:00:42,515 [Worker-24: Building] INFO  o.a.m.s.f.DefaultMavenResourcesFiltering - Copying 1 resource from src\main\resources to target\classes
2025-04-27 11:00:42,523 [Worker-24: Building] INFO  o.a.m.s.f.DefaultMavenResourcesFiltering - Copying 0 resource from src\main\resources to target\classes
2025-04-27 11:00:42,528 [Worker-24: Building] INFO  o.a.m.s.f.DefaultMavenResourcesFiltering - skip non existing resourceDirectory C:\Users\mastr\OneDrive\Documentos\Programação\Fiap\POSTECH_ADJT_Outros_Projetos_Spring\spring-cloud\gateway\src\test\resources
2025-04-27 11:00:51,708 [Worker-25: Building] INFO  o.a.m.s.f.DefaultMavenResourcesFiltering - Copying 1 resource from src\main\resources to target\classes
2025-04-27 11:00:51,714 [Worker-25: Building] INFO  o.a.m.s.f.DefaultMavenResourcesFiltering - Copying 0 resource from src\main\resources to target\classes
2025-04-27 11:00:51,720 [Worker-25: Building] INFO  o.a.m.s.f.DefaultMavenResourcesFiltering - skip non existing resourceDirectory C:\Users\mastr\OneDrive\Documentos\Programação\Fiap\POSTECH_ADJT_Outros_Projetos_Spring\spring-cloud\gateway\src\test\resources
2025-04-27 11:01:33,487 [Worker-28: Building] INFO  o.a.m.s.f.DefaultMavenResourcesFiltering - Copying 1 resource from src\main\resources to target\classes
2025-04-27 11:01:33,494 [Worker-28: Building] INFO  o.a.m.s.f.DefaultMavenResourcesFiltering - Copying 0 resource from src\main\resources to target\classes
2025-04-27 11:01:33,498 [Worker-28: Building] INFO  o.a.m.s.f.DefaultMavenResourcesFiltering - skip non existing resourceDirectory C:\Users\mastr\OneDrive\Documentos\Programação\Fiap\POSTECH_ADJT_Outros_Projetos_Spring\spring-cloud\gateway\src\test\resources
2025-04-27 11:01:41,556 [Worker-27: Building] INFO  o.a.m.s.f.DefaultMavenResourcesFiltering - Copying 1 resource from src\main\resources to target\classes
2025-04-27 11:01:41,561 [Worker-27: Building] INFO  o.a.m.s.f.DefaultMavenResourcesFiltering - Copying 0 resource from src\main\resources to target\classes
2025-04-27 11:01:41,565 [Worker-27: Building] INFO  o.a.m.s.f.DefaultMavenResourcesFiltering - skip non existing resourceDirectory C:\Users\mastr\OneDrive\Documentos\Programação\Fiap\POSTECH_ADJT_Outros_Projetos_Spring\spring-cloud\gateway\src\test\resources
2025-04-27 11:01:42,881 [Worker-24: Building] INFO  o.a.m.s.f.DefaultMavenResourcesFiltering - Copying 1 resource from src\main\resources to target\classes
2025-04-27 11:01:42,902 [Worker-24: Building] INFO  o.a.m.s.f.DefaultMavenResourcesFiltering - Copying 0 resource from src\main\resources to target\classes
2025-04-27 11:01:42,906 [Worker-24: Building] INFO  o.a.m.s.f.DefaultMavenResourcesFiltering - skip non existing resourceDirectory C:\Users\mastr\OneDrive\Documentos\Programação\Fiap\POSTECH_ADJT_Outros_Projetos_Spring\spring-cloud\gateway\src\test\resources
2025-04-27 11:02:05,857 [Worker-25: Building] INFO  o.a.m.s.f.DefaultMavenResourcesFiltering - Copying 1 resource from src\main\resources to target\classes
2025-04-27 11:02:05,863 [Worker-25: Building] INFO  o.a.m.s.f.DefaultMavenResourcesFiltering - Copying 0 resource from src\main\resources to target\classes
2025-04-27 11:02:05,868 [Worker-25: Building] INFO  o.a.m.s.f.DefaultMavenResourcesFiltering - skip non existing resourceDirectory C:\Users\mastr\OneDrive\Documentos\Programação\Fiap\POSTECH_ADJT_Outros_Projetos_Spring\spring-cloud\gateway\src\test\resources
2025-04-27 11:02:11,053 [Worker-24: Building] INFO  o.a.m.s.f.DefaultMavenResourcesFiltering - Copying 1 resource from src\main\resources to target\classes
2025-04-27 11:02:11,061 [Worker-24: Building] INFO  o.a.m.s.f.DefaultMavenResourcesFiltering - Copying 0 resource from src\main\resources to target\classes
2025-04-27 11:02:11,068 [Worker-24: Building] INFO  o.a.m.s.f.DefaultMavenResourcesFiltering - skip non existing resourceDirectory C:\Users\mastr\OneDrive\Documentos\Programação\Fiap\POSTECH_ADJT_Outros_Projetos_Spring\spring-cloud\gateway\src\test\resources
2025-04-27 11:02:40,622 [Worker-28: Building] INFO  o.a.m.s.f.DefaultMavenResourcesFiltering - Copying 1 resource from src\main\resources to target\classes
2025-04-27 11:02:40,631 [Worker-28: Building] INFO  o.a.m.s.f.DefaultMavenResourcesFiltering - Copying 0 resource from src\main\resources to target\classes
2025-04-27 11:02:40,637 [Worker-28: Building] INFO  o.a.m.s.f.DefaultMavenResourcesFiltering - skip non existing resourceDirectory C:\Users\mastr\OneDrive\Documentos\Programação\Fiap\POSTECH_ADJT_Outros_Projetos_Spring\spring-cloud\gateway\src\test\resources
2025-04-27 11:02:56,657 [Worker-0: Building] INFO  o.a.m.s.f.DefaultMavenResourcesFiltering - Copying 1 resource from src\main\resources to target\classes
2025-04-27 11:02:56,665 [Worker-0: Building] INFO  o.a.m.s.f.DefaultMavenResourcesFiltering - Copying 0 resource from src\main\resources to target\classes
2025-04-27 11:02:56,670 [Worker-0: Building] INFO  o.a.m.s.f.DefaultMavenResourcesFiltering - skip non existing resourceDirectory C:\Users\mastr\OneDrive\Documentos\Programação\Fiap\POSTECH_ADJT_Outros_Projetos_Spring\spring-cloud\gateway\src\test\resources
2025-04-27 11:03:00,294 [Worker-25: Building] INFO  o.a.m.s.f.DefaultMavenResourcesFiltering - Copying 1 resource from src\main\resources to target\classes
2025-04-27 11:03:00,324 [Worker-25: Building] INFO  o.a.m.s.f.DefaultMavenResourcesFiltering - Copying 0 resource from src\main\resources to target\classes
2025-04-27 11:03:00,329 [Worker-25: Building] INFO  o.a.m.s.f.DefaultMavenResourcesFiltering - skip non existing resourceDirectory C:\Users\mastr\OneDrive\Documentos\Programação\Fiap\POSTECH_ADJT_Outros_Projetos_Spring\spring-cloud\gateway\src\test\resources
2025-04-27 11:03:11,509 [Worker-27: Building] INFO  o.a.m.s.f.DefaultMavenResourcesFiltering - Copying 1 resource from src\main\resources to target\classes
2025-04-27 11:03:11,519 [Worker-27: Building] INFO  o.a.m.s.f.DefaultMavenResourcesFiltering - Copying 0 resource from src\main\resources to target\classes
2025-04-27 11:03:11,525 [Worker-27: Building] INFO  o.a.m.s.f.DefaultMavenResourcesFiltering - skip non existing resourceDirectory C:\Users\mastr\OneDrive\Documentos\Programação\Fiap\POSTECH_ADJT_Outros_Projetos_Spring\spring-cloud\gateway\src\test\resources
2025-04-27 11:03:19,441 [Worker-25: Building] INFO  o.a.m.s.f.DefaultMavenResourcesFiltering - Copying 1 resource from src\main\resources to target\classes
2025-04-27 11:03:19,449 [Worker-25: Building] INFO  o.a.m.s.f.DefaultMavenResourcesFiltering - Copying 0 resource from src\main\resources to target\classes
2025-04-27 11:03:19,454 [Worker-25: Building] INFO  o.a.m.s.f.DefaultMavenResourcesFiltering - skip non existing resourceDirectory C:\Users\mastr\OneDrive\Documentos\Programação\Fiap\POSTECH_ADJT_Outros_Projetos_Spring\spring-cloud\gateway\src\test\resources
2025-04-27 11:03:26,956 [Worker-0: Building] INFO  o.a.m.s.f.DefaultMavenResourcesFiltering - Copying 1 resource from src\main\resources to target\classes
2025-04-27 11:03:26,963 [Worker-0: Building] INFO  o.a.m.s.f.DefaultMavenResourcesFiltering - Copying 0 resource from src\main\resources to target\classes
2025-04-27 11:03:26,968 [Worker-0: Building] INFO  o.a.m.s.f.DefaultMavenResourcesFiltering - skip non existing resourceDirectory C:\Users\mastr\OneDrive\Documentos\Programação\Fiap\POSTECH_ADJT_Outros_Projetos_Spring\spring-cloud\gateway\src\test\resources
2025-04-27 11:03:51,630 [Worker-26: Building] INFO  o.a.m.s.f.DefaultMavenResourcesFiltering - Copying 1 resource from src\main\resources to target\classes
2025-04-27 11:03:51,638 [Worker-26: Building] INFO  o.a.m.s.f.DefaultMavenResourcesFiltering - Copying 0 resource from src\main\resources to target\classes
2025-04-27 11:03:51,643 [Worker-26: Building] INFO  o.a.m.s.f.DefaultMavenResourcesFiltering - skip non existing resourceDirectory C:\Users\mastr\OneDrive\Documentos\Programação\Fiap\POSTECH_ADJT_Outros_Projetos_Spring\spring-cloud\gateway\src\test\resources
2025-04-27 11:04:07,691 [Worker-28: Building] INFO  o.a.m.s.f.DefaultMavenResourcesFiltering - Copying 1 resource from src\main\resources to target\classes
2025-04-27 11:04:07,699 [Worker-28: Building] INFO  o.a.m.s.f.DefaultMavenResourcesFiltering - Copying 0 resource from src\main\resources to target\classes
2025-04-27 11:04:07,704 [Worker-28: Building] INFO  o.a.m.s.f.DefaultMavenResourcesFiltering - skip non existing resourceDirectory C:\Users\mastr\OneDrive\Documentos\Programação\Fiap\POSTECH_ADJT_Outros_Projetos_Spring\spring-cloud\gateway\src\test\resources
2025-04-27 11:04:31,906 [Worker-26: Building] INFO  o.a.m.s.f.DefaultMavenResourcesFiltering - Copying 1 resource from src\main\resources to target\classes
2025-04-27 11:04:31,915 [Worker-26: Building] INFO  o.a.m.s.f.DefaultMavenResourcesFiltering - Copying 0 resource from src\main\resources to target\classes
2025-04-27 11:04:31,919 [Worker-26: Building] INFO  o.a.m.s.f.DefaultMavenResourcesFiltering - skip non existing resourceDirectory C:\Users\mastr\OneDrive\Documentos\Programação\Fiap\POSTECH_ADJT_Outros_Projetos_Spring\spring-cloud\gateway\src\test\resources
2025-04-27 11:04:46,039 [Worker-24: Building] INFO  o.a.m.s.f.DefaultMavenResourcesFiltering - Copying 1 resource from src\main\resources to target\classes
2025-04-27 11:04:46,048 [Worker-24: Building] INFO  o.a.m.s.f.DefaultMavenResourcesFiltering - Copying 0 resource from src\main\resources to target\classes
2025-04-27 11:04:46,053 [Worker-24: Building] INFO  o.a.m.s.f.DefaultMavenResourcesFiltering - skip non existing resourceDirectory C:\Users\mastr\OneDrive\Documentos\Programação\Fiap\POSTECH_ADJT_Outros_Projetos_Spring\spring-cloud\gateway\src\test\resources
2025-04-27 11:04:51,198 [Worker-25: Building] INFO  o.a.m.s.f.DefaultMavenResourcesFiltering - Copying 1 resource from src\main\resources to target\classes
2025-04-27 11:04:51,204 [Worker-25: Building] INFO  o.a.m.s.f.DefaultMavenResourcesFiltering - Copying 0 resource from src\main\resources to target\classes
2025-04-27 11:04:51,210 [Worker-25: Building] INFO  o.a.m.s.f.DefaultMavenResourcesFiltering - skip non existing resourceDirectory C:\Users\mastr\OneDrive\Documentos\Programação\Fiap\POSTECH_ADJT_Outros_Projetos_Spring\spring-cloud\gateway\src\test\resources
2025-04-27 11:05:09,521 [Worker-26: Building] INFO  o.a.m.s.f.DefaultMavenResourcesFiltering - Copying 1 resource from src\main\resources to target\classes
2025-04-27 11:05:09,528 [Worker-26: Building] INFO  o.a.m.s.f.DefaultMavenResourcesFiltering - Copying 0 resource from src\main\resources to target\classes
2025-04-27 11:05:09,532 [Worker-26: Building] INFO  o.a.m.s.f.DefaultMavenResourcesFiltering - skip non existing resourceDirectory C:\Users\mastr\OneDrive\Documentos\Programação\Fiap\POSTECH_ADJT_Outros_Projetos_Spring\spring-cloud\gateway\src\test\resources
2025-04-27 11:06:18,647 [Worker-27: Building] INFO  o.a.m.s.f.DefaultMavenResourcesFiltering - Copying 1 resource from src\main\resources to target\classes
2025-04-27 11:06:18,653 [Worker-27: Building] INFO  o.a.m.s.f.DefaultMavenResourcesFiltering - Copying 0 resource from src\main\resources to target\classes
2025-04-27 11:06:18,658 [Worker-27: Building] INFO  o.a.m.s.f.DefaultMavenResourcesFiltering - skip non existing resourceDirectory C:\Users\mastr\OneDrive\Documentos\Programação\Fiap\POSTECH_ADJT_Outros_Projetos_Spring\spring-cloud\gateway\src\test\resources
2025-04-27 11:06:27,118 [Worker-26: Building] INFO  o.a.m.s.f.DefaultMavenResourcesFiltering - Copying 1 resource from src\main\resources to target\classes
2025-04-27 11:06:27,127 [Worker-26: Building] INFO  o.a.m.s.f.DefaultMavenResourcesFiltering - Copying 0 resource from src\main\resources to target\classes
2025-04-27 11:06:27,130 [Worker-26: Building] INFO  o.a.m.s.f.DefaultMavenResourcesFiltering - skip non existing resourceDirectory C:\Users\mastr\OneDrive\Documentos\Programação\Fiap\POSTECH_ADJT_Outros_Projetos_Spring\spring-cloud\gateway\src\test\resources
2025-04-27 11:06:32,433 [Worker-26: Building] INFO  o.a.m.s.f.DefaultMavenResourcesFiltering - Copying 1 resource from src\main\resources to target\classes
2025-04-27 11:06:32,442 [Worker-26: Building] INFO  o.a.m.s.f.DefaultMavenResourcesFiltering - Copying 0 resource from src\main\resources to target\classes
2025-04-27 11:06:32,446 [Worker-26: Building] INFO  o.a.m.s.f.DefaultMavenResourcesFiltering - skip non existing resourceDirectory C:\Users\mastr\OneDrive\Documentos\Programação\Fiap\POSTECH_ADJT_Outros_Projetos_Spring\spring-cloud\gateway\src\test\resources
2025-04-27 11:06:45,430 [Worker-28: Building] INFO  o.a.m.s.f.DefaultMavenResourcesFiltering - Copying 1 resource from src\main\resources to target\classes
2025-04-27 11:06:45,439 [Worker-28: Building] INFO  o.a.m.s.f.DefaultMavenResourcesFiltering - Copying 0 resource from src\main\resources to target\classes
2025-04-27 11:06:45,442 [Worker-28: Building] INFO  o.a.m.s.f.DefaultMavenResourcesFiltering - skip non existing resourceDirectory C:\Users\mastr\OneDrive\Documentos\Programação\Fiap\POSTECH_ADJT_Outros_Projetos_Spring\spring-cloud\gateway\src\test\resources
2025-04-27 11:06:53,783 [Worker-27: Building] INFO  o.a.m.s.f.DefaultMavenResourcesFiltering - Copying 1 resource from src\main\resources to target\classes
2025-04-27 11:06:53,791 [Worker-27: Building] INFO  o.a.m.s.f.DefaultMavenResourcesFiltering - Copying 0 resource from src\main\resources to target\classes
2025-04-27 11:06:53,796 [Worker-27: Building] INFO  o.a.m.s.f.DefaultMavenResourcesFiltering - skip non existing resourceDirectory C:\Users\mastr\OneDrive\Documentos\Programação\Fiap\POSTECH_ADJT_Outros_Projetos_Spring\spring-cloud\gateway\src\test\resources
2025-04-27 11:06:55,778 [Worker-0: Building] INFO  o.a.m.s.f.DefaultMavenResourcesFiltering - Copying 1 resource from src\main\resources to target\classes
2025-04-27 11:06:55,785 [Worker-0: Building] INFO  o.a.m.s.f.DefaultMavenResourcesFiltering - Copying 0 resource from src\main\resources to target\classes
2025-04-27 11:06:55,790 [Worker-0: Building] INFO  o.a.m.s.f.DefaultMavenResourcesFiltering - skip non existing resourceDirectory C:\Users\mastr\OneDrive\Documentos\Programação\Fiap\POSTECH_ADJT_Outros_Projetos_Spring\spring-cloud\gateway\src\test\resources
2025-04-27 11:08:47,569 [Worker-27: Building] INFO  o.a.m.s.f.DefaultMavenResourcesFiltering - Copying 1 resource from src\main\resources to target\classes
2025-04-27 11:08:47,576 [Worker-27: Building] INFO  o.a.m.s.f.DefaultMavenResourcesFiltering - Copying 0 resource from src\main\resources to target\classes
2025-04-27 11:08:47,581 [Worker-27: Building] INFO  o.a.m.s.f.DefaultMavenResourcesFiltering - skip non existing resourceDirectory C:\Users\mastr\OneDrive\Documentos\Programação\Fiap\POSTECH_ADJT_Outros_Projetos_Spring\spring-cloud\gateway\src\test\resources
2025-04-27 11:08:50,106 [Worker-27: Building] INFO  o.a.m.s.f.DefaultMavenResourcesFiltering - Copying 1 resource from src\main\resources to target\classes
2025-04-27 11:08:50,112 [Worker-27: Building] INFO  o.a.m.s.f.DefaultMavenResourcesFiltering - Copying 0 resource from src\main\resources to target\classes
2025-04-27 11:08:50,117 [Worker-27: Building] INFO  o.a.m.s.f.DefaultMavenResourcesFiltering - skip non existing resourceDirectory C:\Users\mastr\OneDrive\Documentos\Programação\Fiap\POSTECH_ADJT_Outros_Projetos_Spring\spring-cloud\gateway\src\test\resources
2025-04-27 11:09:09,038 [Worker-26: Building] INFO  o.a.m.s.f.DefaultMavenResourcesFiltering - Copying 1 resource from src\main\resources to target\classes
2025-04-27 11:09:09,046 [Worker-26: Building] INFO  o.a.m.s.f.DefaultMavenResourcesFiltering - Copying 0 resource from src\main\resources to target\classes
2025-04-27 11:09:09,049 [Worker-26: Building] INFO  o.a.m.s.f.DefaultMavenResourcesFiltering - skip non existing resourceDirectory C:\Users\mastr\OneDrive\Documentos\Programação\Fiap\POSTECH_ADJT_Outros_Projetos_Spring\spring-cloud\gateway\src\test\resources
2025-04-27 11:09:54,153 [Worker-27: Building] INFO  o.a.m.s.f.DefaultMavenResourcesFiltering - Copying 1 resource from src\main\resources to target\classes
2025-04-27 11:09:54,161 [Worker-27: Building] INFO  o.a.m.s.f.DefaultMavenResourcesFiltering - Copying 0 resource from src\main\resources to target\classes
2025-04-27 11:09:54,166 [Worker-27: Building] INFO  o.a.m.s.f.DefaultMavenResourcesFiltering - skip non existing resourceDirectory C:\Users\mastr\OneDrive\Documentos\Programação\Fiap\POSTECH_ADJT_Outros_Projetos_Spring\spring-cloud\gateway\src\test\resources
2025-04-27 11:10:32,636 [Worker-27: Building] INFO  o.a.m.s.f.DefaultMavenResourcesFiltering - Copying 1 resource from src\main\resources to target\classes
2025-04-27 11:10:32,645 [Worker-27: Building] INFO  o.a.m.s.f.DefaultMavenResourcesFiltering - Copying 0 resource from src\main\resources to target\classes
2025-04-27 11:10:32,649 [Worker-27: Building] INFO  o.a.m.s.f.DefaultMavenResourcesFiltering - skip non existing resourceDirectory C:\Users\mastr\OneDrive\Documentos\Programação\Fiap\POSTECH_ADJT_Outros_Projetos_Spring\spring-cloud\gateway\src\test\resources
2025-04-27 11:10:42,597 [Worker-29: Building] INFO  o.a.m.s.f.DefaultMavenResourcesFiltering - Copying 1 resource from src\main\resources to target\classes
2025-04-27 11:10:42,614 [Worker-29: Building] INFO  o.a.m.s.f.DefaultMavenResourcesFiltering - Copying 0 resource from src\main\resources to target\classes
2025-04-27 11:10:42,618 [Worker-29: Building] INFO  o.a.m.s.f.DefaultMavenResourcesFiltering - skip non existing resourceDirectory C:\Users\mastr\OneDrive\Documentos\Programação\Fiap\POSTECH_ADJT_Outros_Projetos_Spring\spring-cloud\gateway\src\test\resources
2025-04-27 11:10:45,704 [Worker-27: Building] INFO  o.a.m.s.f.DefaultMavenResourcesFiltering - Copying 1 resource from src\main\resources to target\classes
2025-04-27 11:10:45,714 [Worker-27: Building] INFO  o.a.m.s.f.DefaultMavenResourcesFiltering - Copying 0 resource from src\main\resources to target\classes
2025-04-27 11:10:45,718 [Worker-27: Building] INFO  o.a.m.s.f.DefaultMavenResourcesFiltering - skip non existing resourceDirectory C:\Users\mastr\OneDrive\Documentos\Programação\Fiap\POSTECH_ADJT_Outros_Projetos_Spring\spring-cloud\gateway\src\test\resources
2025-04-27 11:11:06,533 [Worker-0: Building] INFO  o.a.m.s.f.DefaultMavenResourcesFiltering - Copying 1 resource from src\main\resources to target\classes
2025-04-27 11:11:06,543 [Worker-0: Building] INFO  o.a.m.s.f.DefaultMavenResourcesFiltering - Copying 0 resource from src\main\resources to target\classes
2025-04-27 11:11:06,547 [Worker-0: Building] INFO  o.a.m.s.f.DefaultMavenResourcesFiltering - skip non existing resourceDirectory C:\Users\mastr\OneDrive\Documentos\Programação\Fiap\POSTECH_ADJT_Outros_Projetos_Spring\spring-cloud\gateway\src\test\resources
2025-04-27 11:11:22,723 [Worker-30: Building] INFO  o.a.m.s.f.DefaultMavenResourcesFiltering - Copying 1 resource from src\main\resources to target\classes
2025-04-27 11:11:22,732 [Worker-30: Building] INFO  o.a.m.s.f.DefaultMavenResourcesFiltering - Copying 0 resource from src\main\resources to target\classes
2025-04-27 11:11:22,737 [Worker-30: Building] INFO  o.a.m.s.f.DefaultMavenResourcesFiltering - skip non existing resourceDirectory C:\Users\mastr\OneDrive\Documentos\Programação\Fiap\POSTECH_ADJT_Outros_Projetos_Spring\spring-cloud\gateway\src\test\resources
2025-04-27 11:11:28,863 [Worker-27: Building] INFO  o.a.m.s.f.DefaultMavenResourcesFiltering - Copying 1 resource from src\main\resources to target\classes
2025-04-27 11:11:28,870 [Worker-27: Building] INFO  o.a.m.s.f.DefaultMavenResourcesFiltering - Copying 0 resource from src\main\resources to target\classes
2025-04-27 11:11:28,876 [Worker-27: Building] INFO  o.a.m.s.f.DefaultMavenResourcesFiltering - skip non existing resourceDirectory C:\Users\mastr\OneDrive\Documentos\Programação\Fiap\POSTECH_ADJT_Outros_Projetos_Spring\spring-cloud\gateway\src\test\resources
2025-04-27 11:11:34,947 [Worker-30: Building] INFO  o.a.m.s.f.DefaultMavenResourcesFiltering - Copying 1 resource from src\main\resources to target\classes
2025-04-27 11:11:34,956 [Worker-30: Building] INFO  o.a.m.s.f.DefaultMavenResourcesFiltering - Copying 0 resource from src\main\resources to target\classes
2025-04-27 11:11:34,961 [Worker-30: Building] INFO  o.a.m.s.f.DefaultMavenResourcesFiltering - skip non existing resourceDirectory C:\Users\mastr\OneDrive\Documentos\Programação\Fiap\POSTECH_ADJT_Outros_Projetos_Spring\spring-cloud\gateway\src\test\resources
2025-04-27 11:11:58,318 [Worker-29: Building] INFO  o.a.m.s.f.DefaultMavenResourcesFiltering - Copying 1 resource from src\main\resources to target\classes
2025-04-27 11:11:58,326 [Worker-29: Building] INFO  o.a.m.s.f.DefaultMavenResourcesFiltering - Copying 0 resource from src\main\resources to target\classes
2025-04-27 11:11:58,331 [Worker-29: Building] INFO  o.a.m.s.f.DefaultMavenResourcesFiltering - skip non existing resourceDirectory C:\Users\mastr\OneDrive\Documentos\Programação\Fiap\POSTECH_ADJT_Outros_Projetos_Spring\spring-cloud\gateway\src\test\resources
2025-04-27 11:18:29,207 [Worker-29: Building] INFO  o.a.m.s.f.DefaultMavenResourcesFiltering - Copying 1 resource from src\main\resources to target\classes
2025-04-27 11:18:29,215 [Worker-29: Building] INFO  o.a.m.s.f.DefaultMavenResourcesFiltering - Copying 0 resource from src\main\resources to target\classes
2025-04-27 11:18:29,219 [Worker-29: Building] INFO  o.a.m.s.f.DefaultMavenResourcesFiltering - skip non existing resourceDirectory C:\Users\mastr\OneDrive\Documentos\Programação\Fiap\POSTECH_ADJT_Outros_Projetos_Spring\spring-cloud\gateway\src\test\resources
